✗ photo-atmospheric-leiden-017-can-16x12                  SKU:CAN-38MM-SC-16x12            PHOTO_404 — HEAD 404
✗ photo-atmospheric-leiden-017-can-20x16                  SKU:CAN-38MM-SC-20x16            PHOTO_404 — HEAD 404
✗ photo-atmospheric-leiden-017-can-40x30                  SKU:CAN-19MM-SC-40x30            PHOTO_404 — HEAD 404
✗ photo-atmospheric-leiden-017-ema-a5                     SKU:GLOBAL-FAP-A5                PHOTO_404 — HEAD 404
✗ photo-atmospheric-leiden-017-ema-a4                     SKU:GLOBAL-FAP-A4                PHOTO_404 — HEAD 404
✗ photo-atmospheric-leiden-017-ema-a3                     SKU:GLOBAL-FAP-A3                PHOTO_404 — HEAD 404
✗ photo-atmospheric-leiden-017-fap-a4-black               SKU:FRA-CLA-HPR-NM-GLA-A4        PHOTO_404 — HEAD 404
✗ photo-atmospheric-leiden-017-fap-a4-natural-oak         SKU:FRA-CLA-HPR-NM-GLA-A4        PHOTO_404 — HEAD 404
✗ photo-atmospheric-leiden-017-fap-a4-white               SKU:FRA-CLA-HPR-NM-GLA-A4        PHOTO_404 — HEAD 404
✗ photo-atmospheric-leiden-017-fap-a3-black               SKU:FRA-CLA-HPR-NM-GLA-A3        PHOTO_404 — HEAD 404
✗ photo-atmospheric-leiden-017-fap-a3-natural-oak         SKU:FRA-CLA-HPR-NM-GLA-A3        PHOTO_404 — HEAD 404
✗ photo-atmospheric-leiden-017-fap-a3-white               SKU:FRA-CLA-HPR-NM-GLA-A3        PHOTO_404 — HEAD 404
✗ photo-atmospheric-leiden-017-hge-a5                     SKU:GLOBAL-HGE-A5                PHOTO_404 — HEAD 404
✗ photo-atmospheric-leiden-017-hge-a4                     SKU:GLOBAL-HGE-A4                PHOTO_404 — HEAD 404
✗ photo-atmospheric-leiden-017-hge-a3                     SKU:GLOBAL-HGE-A3                PHOTO_404 — HEAD 404
✗ photo-atmospheric-leiden-017-hpr-a5                     SKU:GLOBAL-HPR-A5                PHOTO_404 — HEAD 404
✗ photo-atmospheric-leiden-017-hpr-a4                     SKU:GLOBAL-HPR-A4                PHOTO_404 — HEAD 404
✗ photo-atmospheric-leiden-017-hpr-a3                     SKU:GLOBAL-HPR-A3                PHOTO_404 — HEAD 404
✗ photo-atmospheric-leiden-017-pos-6x4-pack10             SKU:GLOBAL-POST-MOH-6X4-BLA-10   PHOTO_404 — HEAD 404
✗ photo-atmospheric-leiden-017-pos-6x4-pack20             SKU:GLOBAL-POST-MOH-6X4-BLA-20   PHOTO_404 — HEAD 404
✗ photo-atmospheric-leiden-017-pos-6x4-pack50             SKU:GLOBAL-POST-MOH-6X4-BLA-50   PHOTO_404 — HEAD 404
✗ photo-atmospheric-leiden-017-pos-6x4-pack100            SKU:GLOBAL-POST-MOH-6X4-BLA-100  PHOTO_404 — HEAD 404
✗ photo-atmospheric-leiden-017-pos-7x5-pack10             SKU:GLOBAL-POST-MOH-7X5-BLA-10   PHOTO_404 — HEAD 404
✗ photo-atmospheric-leiden-017-pos-7x5-pack20             SKU:GLOBAL-POST-MOH-7X5-BLA-20   PHOTO_404 — HEAD 404
✗ photo-atmospheric-leiden-017-pos-7x5-pack50             SKU:GLOBAL-POST-MOH-7X5-BLA-50   PHOTO_404 — HEAD 404
✗ photo-atmospheric-leiden-017-pos-7x5-pack100            SKU:GLOBAL-POST-MOH-7X5-BLA-100  PHOTO_404 — HEAD 404
✗ photo-atmospheric-leiden-068-can-16x12                  SKU:CAN-38MM-SC-16x12            PHOTO_404 — HEAD 404
✗ photo-atmospheric-leiden-068-can-20x16                  SKU:CAN-38MM-SC-20x16            PHOTO_404 — HEAD 404
✗ photo-atmospheric-leiden-068-can-40x30                  SKU:CAN-19MM-SC-40x30            PHOTO_404 — HEAD 404
✗ photo-atmospheric-leiden-068-clp-16x20                  SKU:ART-PAP-LPP-16X20            PHOTO_404 — HEAD 404
✗ photo-atmospheric-leiden-068-clp-24x36                  SKU:ART-PAP-LPP-24X36            PHOTO_404 — HEAD 404
✗ photo-atmospheric-leiden-068-ema-16x20                  SKU:GLOBAL-FAP-16X20             PHOTO_404 — HEAD 404
✗ photo-atmospheric-leiden-068-ema-a5                     SKU:GLOBAL-FAP-A5                PHOTO_404 — HEAD 404
✗ photo-atmospheric-leiden-068-ema-24x36                  SKU:GLOBAL-FAP-24X36             PHOTO_404 — HEAD 404
✗ photo-atmospheric-leiden-068-ema-a4                     SKU:GLOBAL-FAP-A4                PHOTO_404 — HEAD 404
✗ photo-atmospheric-leiden-068-ema-a3                     SKU:GLOBAL-FAP-A3                PHOTO_404 — HEAD 404
✗ photo-atmospheric-leiden-068-fap-a4-black               SKU:FRA-CLA-HPR-NM-GLA-A4        PHOTO_404 — HEAD 404
✗ photo-atmospheric-leiden-068-fap-a4-natural-oak         SKU:FRA-CLA-HPR-NM-GLA-A4        PHOTO_404 — HEAD 404
✗ photo-atmospheric-leiden-068-fap-a4-white               SKU:FRA-CLA-HPR-NM-GLA-A4        PHOTO_404 — HEAD 404
✗ photo-atmospheric-leiden-068-fap-a3-black               SKU:FRA-CLA-HPR-NM-GLA-A3        PHOTO_404 — HEAD 404
✗ photo-atmospheric-leiden-068-fap-a3-natural-oak         SKU:FRA-CLA-HPR-NM-GLA-A3        PHOTO_404 — HEAD 404
✗ photo-atmospheric-leiden-068-fap-a3-white               SKU:FRA-CLA-HPR-NM-GLA-A3        PHOTO_404 — HEAD 404
✗ photo-atmospheric-leiden-068-gre-6x4-pack10             SKU:GLOBAL-GRE-MOH-6X4-BLA-10    PHOTO_404 — HEAD 404
✗ photo-atmospheric-leiden-068-gre-6x4-pack20             SKU:GLOBAL-GRE-MOH-6X4-BLA-20    PHOTO_404 — HEAD 404
✗ photo-atmospheric-leiden-068-gre-6x4-pack50             SKU:GLOBAL-GRE-MOH-6X4-BLA-50    PHOTO_404 — HEAD 404
✗ photo-atmospheric-leiden-068-gre-6x4-pack100            SKU:GLOBAL-GRE-MOH-6X4-BLA-100   PHOTO_404 — HEAD 404
✗ photo-atmospheric-leiden-068-gre-7x5-pack10             SKU:GLOBAL-GRE-MOH-7X5-BLA-10    PHOTO_404 — HEAD 404
✗ photo-atmospheric-leiden-068-gre-7x5-pack20             SKU:GLOBAL-GRE-MOH-7X5-BLA-20    PHOTO_404 — HEAD 404
✗ photo-atmospheric-leiden-068-gre-7x5-pack50             SKU:GLOBAL-GRE-MOH-7X5-BLA-50    PHOTO_404 — HEAD 404
✗ photo-atmospheric-leiden-068-gre-7x5-pack100            SKU:GLOBAL-GRE-MOH-7X5-BLA-100   PHOTO_404 — HEAD 404
✗ photo-atmospheric-leiden-068-hge-16x20                  SKU:GLOBAL-HGE-16X20             PHOTO_404 — HEAD 404
✗ photo-atmospheric-leiden-068-hge-a5                     SKU:GLOBAL-HGE-A5                PHOTO_404 — HEAD 404
✗ photo-atmospheric-leiden-068-hge-24x36                  SKU:GLOBAL-HGE-24X36             PHOTO_404 — HEAD 404
✗ photo-atmospheric-leiden-068-hge-a4                     SKU:GLOBAL-HGE-A4                PHOTO_404 — HEAD 404
✗ photo-atmospheric-leiden-068-hge-a3                     SKU:GLOBAL-HGE-A3                PHOTO_404 — HEAD 404
✗ photo-atmospheric-leiden-068-hpr-16x20                  SKU:GLOBAL-HPR-16X20             PHOTO_404 — HEAD 404
✗ photo-atmospheric-leiden-068-hpr-a5                     SKU:GLOBAL-HPR-A5                PHOTO_404 — HEAD 404
✗ photo-atmospheric-leiden-068-hpr-24x36                  SKU:GLOBAL-HPR-24X36             PHOTO_404 — HEAD 404
✗ photo-atmospheric-leiden-068-hpr-a4                     SKU:GLOBAL-HPR-A4                PHOTO_404 — HEAD 404
✗ photo-atmospheric-leiden-068-hpr-a3                     SKU:GLOBAL-HPR-A3                PHOTO_404 — HEAD 404
✗ photo-atmospheric-leiden-074-can-16x12                  SKU:CAN-38MM-SC-16x12            PHOTO_404 — HEAD 404
✗ photo-atmospheric-leiden-074-can-20x16                  SKU:CAN-38MM-SC-20x16            PHOTO_404 — HEAD 404
✗ photo-atmospheric-leiden-074-can-40x30                  SKU:CAN-19MM-SC-40x30            PHOTO_404 — HEAD 404
✗ photo-atmospheric-leiden-074-clp-16x20                  SKU:ART-PAP-LPP-16X20            PHOTO_404 — HEAD 404
✗ photo-atmospheric-leiden-074-clp-24x36                  SKU:ART-PAP-LPP-24X36            PHOTO_404 — HEAD 404
✗ photo-atmospheric-leiden-074-ema-16x20                  SKU:GLOBAL-FAP-16X20             PHOTO_404 — HEAD 404
✗ photo-atmospheric-leiden-074-ema-a5                     SKU:GLOBAL-FAP-A5                PHOTO_404 — HEAD 404
✗ photo-atmospheric-leiden-074-ema-24x36                  SKU:GLOBAL-FAP-24X36             PHOTO_404 — HEAD 404
✗ photo-atmospheric-leiden-074-ema-a4                     SKU:GLOBAL-FAP-A4                PHOTO_404 — HEAD 404
✗ photo-atmospheric-leiden-074-ema-a3                     SKU:GLOBAL-FAP-A3                PHOTO_404 — HEAD 404
✗ photo-atmospheric-leiden-074-fap-a4-black               SKU:FRA-CLA-HPR-NM-GLA-A4        PHOTO_404 — HEAD 404
✗ photo-atmospheric-leiden-074-fap-a4-natural-oak         SKU:FRA-CLA-HPR-NM-GLA-A4        PHOTO_404 — HEAD 404
✗ photo-atmospheric-leiden-074-fap-a4-white               SKU:FRA-CLA-HPR-NM-GLA-A4        PHOTO_404 — HEAD 404
✗ photo-atmospheric-leiden-074-fap-a3-black               SKU:FRA-CLA-HPR-NM-GLA-A3        PHOTO_404 — HEAD 404
✗ photo-atmospheric-leiden-074-fap-a3-natural-oak         SKU:FRA-CLA-HPR-NM-GLA-A3        PHOTO_404 — HEAD 404
✗ photo-atmospheric-leiden-074-fap-a3-white               SKU:FRA-CLA-HPR-NM-GLA-A3        PHOTO_404 — HEAD 404
✗ photo-atmospheric-leiden-074-gre-6x4-pack10             SKU:GLOBAL-GRE-MOH-6X4-BLA-10    PHOTO_404 — HEAD 404
✗ photo-atmospheric-leiden-074-gre-6x4-pack20             SKU:GLOBAL-GRE-MOH-6X4-BLA-20    PHOTO_404 — HEAD 404
✗ photo-atmospheric-leiden-074-gre-6x4-pack50             SKU:GLOBAL-GRE-MOH-6X4-BLA-50    PHOTO_404 — HEAD 404
✗ photo-atmospheric-leiden-074-gre-6x4-pack100            SKU:GLOBAL-GRE-MOH-6X4-BLA-100   PHOTO_404 — HEAD 404
✗ photo-atmospheric-leiden-074-gre-7x5-pack10             SKU:GLOBAL-GRE-MOH-7X5-BLA-10    PHOTO_404 — HEAD 404
✗ photo-atmospheric-leiden-074-gre-7x5-pack20             SKU:GLOBAL-GRE-MOH-7X5-BLA-20    PHOTO_404 — HEAD 404
✗ photo-atmospheric-leiden-074-gre-7x5-pack50             SKU:GLOBAL-GRE-MOH-7X5-BLA-50    PHOTO_404 — HEAD 404
✗ photo-atmospheric-leiden-074-gre-7x5-pack100            SKU:GLOBAL-GRE-MOH-7X5-BLA-100   PHOTO_404 — HEAD 404
✗ photo-atmospheric-leiden-074-hge-16x20                  SKU:GLOBAL-HGE-16X20             PHOTO_404 — HEAD 404
✗ photo-atmospheric-leiden-074-hge-a5                     SKU:GLOBAL-HGE-A5                PHOTO_404 — HEAD 404
✗ photo-atmospheric-leiden-074-hge-24x36                  SKU:GLOBAL-HGE-24X36             PHOTO_404 — HEAD 404
✗ photo-atmospheric-leiden-074-hge-a4                     SKU:GLOBAL-HGE-A4                PHOTO_404 — HEAD 404
✗ photo-atmospheric-leiden-074-hge-a3                     SKU:GLOBAL-HGE-A3                PHOTO_404 — HEAD 404
✗ photo-atmospheric-leiden-074-hpr-16x20                  SKU:GLOBAL-HPR-16X20             PHOTO_404 — HEAD 404
✗ photo-atmospheric-leiden-074-hpr-a5                     SKU:GLOBAL-HPR-A5                PHOTO_404 — HEAD 404
✗ photo-atmospheric-leiden-074-hpr-24x36                  SKU:GLOBAL-HPR-24X36             PHOTO_404 — HEAD 404
✗ photo-atmospheric-leiden-074-hpr-a4                     SKU:GLOBAL-HPR-A4                PHOTO_404 — HEAD 404
✗ photo-atmospheric-leiden-074-hpr-a3                     SKU:GLOBAL-HPR-A3                PHOTO_404 — HEAD 404
✗ photo-atmospheric-leiden-091-can-16x12                  SKU:CAN-38MM-SC-16x12            PHOTO_404 — HEAD 404
✗ photo-atmospheric-leiden-091-can-20x16                  SKU:CAN-38MM-SC-20x16            PHOTO_404 — HEAD 404
✗ photo-atmospheric-leiden-091-can-40x30                  SKU:CAN-19MM-SC-40x30            PHOTO_404 — HEAD 404
✗ photo-atmospheric-leiden-091-ema-a5                     SKU:GLOBAL-FAP-A5                PHOTO_404 — HEAD 404
✗ photo-atmospheric-leiden-091-ema-a4                     SKU:GLOBAL-FAP-A4                PHOTO_404 — HEAD 404
✗ photo-atmospheric-leiden-091-ema-a3                     SKU:GLOBAL-FAP-A3                PHOTO_404 — HEAD 404
✗ photo-atmospheric-leiden-091-fap-a4-black               SKU:FRA-CLA-HPR-NM-GLA-A4        PHOTO_404 — HEAD 404
✗ photo-atmospheric-leiden-091-fap-a4-natural-oak         SKU:FRA-CLA-HPR-NM-GLA-A4        PHOTO_404 — HEAD 404
✗ photo-atmospheric-leiden-091-fap-a4-white               SKU:FRA-CLA-HPR-NM-GLA-A4        PHOTO_404 — HEAD 404
✗ photo-atmospheric-leiden-091-fap-a3-black               SKU:FRA-CLA-HPR-NM-GLA-A3        PHOTO_404 — HEAD 404
✗ photo-atmospheric-leiden-091-fap-a3-natural-oak         SKU:FRA-CLA-HPR-NM-GLA-A3        PHOTO_404 — HEAD 404
✗ photo-atmospheric-leiden-091-fap-a3-white               SKU:FRA-CLA-HPR-NM-GLA-A3        PHOTO_404 — HEAD 404
✗ photo-atmospheric-leiden-091-hge-a5                     SKU:GLOBAL-HGE-A5                PHOTO_404 — HEAD 404
✗ photo-atmospheric-leiden-091-hge-a4                     SKU:GLOBAL-HGE-A4                PHOTO_404 — HEAD 404
✗ photo-atmospheric-leiden-091-hge-a3                     SKU:GLOBAL-HGE-A3                PHOTO_404 — HEAD 404
✗ photo-atmospheric-leiden-091-hpr-a5                     SKU:GLOBAL-HPR-A5                PHOTO_404 — HEAD 404
✗ photo-atmospheric-leiden-091-hpr-a4                     SKU:GLOBAL-HPR-A4                PHOTO_404 — HEAD 404
✗ photo-atmospheric-leiden-091-hpr-a3                     SKU:GLOBAL-HPR-A3                PHOTO_404 — HEAD 404
✗ photo-atmospheric-leiden-091-pos-6x4-pack10             SKU:GLOBAL-POST-MOH-6X4-BLA-10   PHOTO_404 — HEAD 404
✗ photo-atmospheric-leiden-091-pos-6x4-pack20             SKU:GLOBAL-POST-MOH-6X4-BLA-20   PHOTO_404 — HEAD 404
✗ photo-atmospheric-leiden-091-pos-6x4-pack50             SKU:GLOBAL-POST-MOH-6X4-BLA-50   PHOTO_404 — HEAD 404
✗ photo-atmospheric-leiden-091-pos-6x4-pack100            SKU:GLOBAL-POST-MOH-6X4-BLA-100  PHOTO_404 — HEAD 404
✗ photo-atmospheric-leiden-091-pos-7x5-pack10             SKU:GLOBAL-POST-MOH-7X5-BLA-10   PHOTO_404 — HEAD 404
✗ photo-atmospheric-leiden-091-pos-7x5-pack20             SKU:GLOBAL-POST-MOH-7X5-BLA-20   PHOTO_404 — HEAD 404
✗ photo-atmospheric-leiden-091-pos-7x5-pack50             SKU:GLOBAL-POST-MOH-7X5-BLA-50   PHOTO_404 — HEAD 404
✗ photo-atmospheric-leiden-091-pos-7x5-pack100            SKU:GLOBAL-POST-MOH-7X5-BLA-100  PHOTO_404 — HEAD 404
✗ photo-atmospheric-leiden-122-can-16x12                  SKU:CAN-38MM-SC-16x12            PHOTO_404 — HEAD 404
✗ photo-atmospheric-leiden-122-can-20x16                  SKU:CAN-38MM-SC-20x16            PHOTO_404 — HEAD 404
✗ photo-atmospheric-leiden-122-can-40x30                  SKU:CAN-19MM-SC-40x30            PHOTO_404 — HEAD 404
✗ photo-atmospheric-leiden-122-clp-16x20                  SKU:ART-PAP-LPP-16X20            PHOTO_404 — HEAD 404
✗ photo-atmospheric-leiden-122-clp-24x36                  SKU:ART-PAP-LPP-24X36            PHOTO_404 — HEAD 404
✗ photo-atmospheric-leiden-122-ema-16x20                  SKU:GLOBAL-FAP-16X20             PHOTO_404 — HEAD 404
✗ photo-atmospheric-leiden-122-ema-a5                     SKU:GLOBAL-FAP-A5                PHOTO_404 — HEAD 404
✗ photo-atmospheric-leiden-122-ema-24x36                  SKU:GLOBAL-FAP-24X36             PHOTO_404 — HEAD 404
✗ photo-atmospheric-leiden-122-ema-a4                     SKU:GLOBAL-FAP-A4                PHOTO_404 — HEAD 404
✗ photo-atmospheric-leiden-122-ema-a3                     SKU:GLOBAL-FAP-A3                PHOTO_404 — HEAD 404
✗ photo-atmospheric-leiden-122-fap-a4-black               SKU:FRA-CLA-HPR-NM-GLA-A4        PHOTO_404 — HEAD 404
✗ photo-atmospheric-leiden-122-fap-a4-natural-oak         SKU:FRA-CLA-HPR-NM-GLA-A4        PHOTO_404 — HEAD 404
✗ photo-atmospheric-leiden-122-fap-a4-white               SKU:FRA-CLA-HPR-NM-GLA-A4        PHOTO_404 — HEAD 404
✗ photo-atmospheric-leiden-122-fap-a3-black               SKU:FRA-CLA-HPR-NM-GLA-A3        PHOTO_404 — HEAD 404
✗ photo-atmospheric-leiden-122-fap-a3-natural-oak         SKU:FRA-CLA-HPR-NM-GLA-A3        PHOTO_404 — HEAD 404
✗ photo-atmospheric-leiden-122-fap-a3-white               SKU:FRA-CLA-HPR-NM-GLA-A3        PHOTO_404 — HEAD 404
✗ photo-atmospheric-leiden-122-gre-6x4-pack10             SKU:GLOBAL-GRE-MOH-6X4-BLA-10    PHOTO_404 — HEAD 404
✗ photo-atmospheric-leiden-122-gre-6x4-pack20             SKU:GLOBAL-GRE-MOH-6X4-BLA-20    PHOTO_404 — HEAD 404
✗ photo-atmospheric-leiden-122-gre-6x4-pack50             SKU:GLOBAL-GRE-MOH-6X4-BLA-50    PHOTO_404 — HEAD 404
✗ photo-atmospheric-leiden-122-gre-6x4-pack100            SKU:GLOBAL-GRE-MOH-6X4-BLA-100   PHOTO_404 — HEAD 404
✗ photo-atmospheric-leiden-122-gre-7x5-pack10             SKU:GLOBAL-GRE-MOH-7X5-BLA-10    PHOTO_404 — HEAD 404
✗ photo-atmospheric-leiden-122-gre-7x5-pack20             SKU:GLOBAL-GRE-MOH-7X5-BLA-20    PHOTO_404 — HEAD 404
✗ photo-atmospheric-leiden-122-gre-7x5-pack50             SKU:GLOBAL-GRE-MOH-7X5-BLA-50    PHOTO_404 — HEAD 404
✗ photo-atmospheric-leiden-122-gre-7x5-pack100            SKU:GLOBAL-GRE-MOH-7X5-BLA-100   PHOTO_404 — HEAD 404
✗ photo-atmospheric-leiden-122-hge-16x20                  SKU:GLOBAL-HGE-16X20             PHOTO_404 — HEAD 404
✗ photo-atmospheric-leiden-122-hge-a5                     SKU:GLOBAL-HGE-A5                PHOTO_404 — HEAD 404
✗ photo-atmospheric-leiden-122-hge-24x36                  SKU:GLOBAL-HGE-24X36             PHOTO_404 — HEAD 404
✗ photo-atmospheric-leiden-122-hge-a4                     SKU:GLOBAL-HGE-A4                PHOTO_404 — HEAD 404
✗ photo-atmospheric-leiden-122-hge-a3                     SKU:GLOBAL-HGE-A3                PHOTO_404 — HEAD 404
✗ photo-atmospheric-leiden-122-hpr-16x20                  SKU:GLOBAL-HPR-16X20             PHOTO_404 — HEAD 404
✗ photo-atmospheric-leiden-122-hpr-a5                     SKU:GLOBAL-HPR-A5                PHOTO_404 — HEAD 404
✗ photo-atmospheric-leiden-122-hpr-24x36                  SKU:GLOBAL-HPR-24X36             PHOTO_404 — HEAD 404
✗ photo-atmospheric-leiden-122-hpr-a4                     SKU:GLOBAL-HPR-A4                PHOTO_404 — HEAD 404
✗ photo-atmospheric-leiden-122-hpr-a3                     SKU:GLOBAL-HPR-A3                PHOTO_404 — HEAD 404
✗ photo-atmospheric-leiden-151-can-16x12                  SKU:CAN-38MM-SC-16x12            PHOTO_404 — HEAD 404
✗ photo-atmospheric-leiden-151-can-20x16                  SKU:CAN-38MM-SC-20x16            PHOTO_404 — HEAD 404
✗ photo-atmospheric-leiden-151-can-40x30                  SKU:CAN-19MM-SC-40x30            PHOTO_404 — HEAD 404
✗ photo-atmospheric-leiden-151-clp-16x20                  SKU:ART-PAP-LPP-16X20            PHOTO_404 — HEAD 404
✗ photo-atmospheric-leiden-151-clp-24x36                  SKU:ART-PAP-LPP-24X36            PHOTO_404 — HEAD 404
✗ photo-atmospheric-leiden-151-ema-16x20                  SKU:GLOBAL-FAP-16X20             PHOTO_404 — HEAD 404
✗ photo-atmospheric-leiden-151-ema-a5                     SKU:GLOBAL-FAP-A5                PHOTO_404 — HEAD 404
✗ photo-atmospheric-leiden-151-ema-24x36                  SKU:GLOBAL-FAP-24X36             PHOTO_404 — HEAD 404
✗ photo-atmospheric-leiden-151-ema-a4                     SKU:GLOBAL-FAP-A4                PHOTO_404 — HEAD 404
✗ photo-atmospheric-leiden-151-ema-a3                     SKU:GLOBAL-FAP-A3                PHOTO_404 — HEAD 404
✗ photo-atmospheric-leiden-151-fap-a4-black               SKU:FRA-CLA-HPR-NM-GLA-A4        PHOTO_404 — HEAD 404
✗ photo-atmospheric-leiden-151-fap-a4-natural-oak         SKU:FRA-CLA-HPR-NM-GLA-A4        PHOTO_404 — HEAD 404
✗ photo-atmospheric-leiden-151-fap-a4-white               SKU:FRA-CLA-HPR-NM-GLA-A4        PHOTO_404 — HEAD 404
✗ photo-atmospheric-leiden-151-fap-a3-black               SKU:FRA-CLA-HPR-NM-GLA-A3        PHOTO_404 — HEAD 404
✗ photo-atmospheric-leiden-151-fap-a3-natural-oak         SKU:FRA-CLA-HPR-NM-GLA-A3        PHOTO_404 — HEAD 404
✗ photo-atmospheric-leiden-151-fap-a3-white               SKU:FRA-CLA-HPR-NM-GLA-A3        PHOTO_404 — HEAD 404
✗ photo-atmospheric-leiden-151-gre-6x4-pack10             SKU:GLOBAL-GRE-MOH-6X4-BLA-10    PHOTO_404 — HEAD 404
✗ photo-atmospheric-leiden-151-gre-6x4-pack20             SKU:GLOBAL-GRE-MOH-6X4-BLA-20    PHOTO_404 — HEAD 404
✗ photo-atmospheric-leiden-151-gre-6x4-pack50             SKU:GLOBAL-GRE-MOH-6X4-BLA-50    PHOTO_404 — HEAD 404
✗ photo-atmospheric-leiden-151-gre-6x4-pack100            SKU:GLOBAL-GRE-MOH-6X4-BLA-100   PHOTO_404 — HEAD 404
✗ photo-atmospheric-leiden-151-gre-7x5-pack10             SKU:GLOBAL-GRE-MOH-7X5-BLA-10    PHOTO_404 — HEAD 404
✗ photo-atmospheric-leiden-151-gre-7x5-pack20             SKU:GLOBAL-GRE-MOH-7X5-BLA-20    PHOTO_404 — HEAD 404
✗ photo-atmospheric-leiden-151-gre-7x5-pack50             SKU:GLOBAL-GRE-MOH-7X5-BLA-50    PHOTO_404 — HEAD 404
✗ photo-atmospheric-leiden-151-gre-7x5-pack100            SKU:GLOBAL-GRE-MOH-7X5-BLA-100   PHOTO_404 — HEAD 404
✗ photo-atmospheric-leiden-151-hge-16x20                  SKU:GLOBAL-HGE-16X20             PHOTO_404 — HEAD 404
✗ photo-atmospheric-leiden-151-hge-a5                     SKU:GLOBAL-HGE-A5                PHOTO_404 — HEAD 404
✗ photo-atmospheric-leiden-151-hge-24x36                  SKU:GLOBAL-HGE-24X36             PHOTO_404 — HEAD 404
✗ photo-atmospheric-leiden-151-hge-a4                     SKU:GLOBAL-HGE-A4                PHOTO_404 — HEAD 404
✗ photo-atmospheric-leiden-151-hge-a3                     SKU:GLOBAL-HGE-A3                PHOTO_404 — HEAD 404
✗ photo-atmospheric-leiden-151-hpr-16x20                  SKU:GLOBAL-HPR-16X20             PHOTO_404 — HEAD 404
✗ photo-atmospheric-leiden-151-hpr-a5                     SKU:GLOBAL-HPR-A5                PHOTO_404 — HEAD 404
✗ photo-atmospheric-leiden-151-hpr-24x36                  SKU:GLOBAL-HPR-24X36             PHOTO_404 — HEAD 404
✗ photo-atmospheric-leiden-151-hpr-a4                     SKU:GLOBAL-HPR-A4                PHOTO_404 — HEAD 404
✗ photo-atmospheric-leiden-151-hpr-a3                     SKU:GLOBAL-HPR-A3                PHOTO_404 — HEAD 404
✗ photo-atmospheric-leiden-167-can-16x12                  SKU:CAN-38MM-SC-16x12            PHOTO_404 — HEAD 404
✗ photo-atmospheric-leiden-167-can-20x16                  SKU:CAN-38MM-SC-20x16            PHOTO_404 — HEAD 404
✗ photo-atmospheric-leiden-167-can-40x30                  SKU:CAN-19MM-SC-40x30            PHOTO_404 — HEAD 404
✗ photo-atmospheric-leiden-167-ema-a5                     SKU:GLOBAL-FAP-A5                PHOTO_404 — HEAD 404
✗ photo-atmospheric-leiden-167-ema-a4                     SKU:GLOBAL-FAP-A4                PHOTO_404 — HEAD 404
✗ photo-atmospheric-leiden-167-ema-a3                     SKU:GLOBAL-FAP-A3                PHOTO_404 — HEAD 404
✗ photo-atmospheric-leiden-167-fap-a4-black               SKU:FRA-CLA-HPR-NM-GLA-A4        PHOTO_404 — HEAD 404
✗ photo-atmospheric-leiden-167-fap-a4-natural-oak         SKU:FRA-CLA-HPR-NM-GLA-A4        PHOTO_404 — HEAD 404
✗ photo-atmospheric-leiden-167-fap-a4-white               SKU:FRA-CLA-HPR-NM-GLA-A4        PHOTO_404 — HEAD 404
✗ photo-atmospheric-leiden-167-fap-a3-black               SKU:FRA-CLA-HPR-NM-GLA-A3        PHOTO_404 — HEAD 404
✗ photo-atmospheric-leiden-167-fap-a3-natural-oak         SKU:FRA-CLA-HPR-NM-GLA-A3        PHOTO_404 — HEAD 404
✗ photo-atmospheric-leiden-167-fap-a3-white               SKU:FRA-CLA-HPR-NM-GLA-A3        PHOTO_404 — HEAD 404
✗ photo-atmospheric-leiden-167-hge-a5                     SKU:GLOBAL-HGE-A5                PHOTO_404 — HEAD 404
✗ photo-atmospheric-leiden-167-hge-a4                     SKU:GLOBAL-HGE-A4                PHOTO_404 — HEAD 404
✗ photo-atmospheric-leiden-167-hge-a3                     SKU:GLOBAL-HGE-A3                PHOTO_404 — HEAD 404
✗ photo-atmospheric-leiden-167-hpr-a5                     SKU:GLOBAL-HPR-A5                PHOTO_404 — HEAD 404
✗ photo-atmospheric-leiden-167-hpr-a4                     SKU:GLOBAL-HPR-A4                PHOTO_404 — HEAD 404
✗ photo-atmospheric-leiden-167-hpr-a3                     SKU:GLOBAL-HPR-A3                PHOTO_404 — HEAD 404
✗ photo-atmospheric-leiden-167-pos-6x4-pack10             SKU:GLOBAL-POST-MOH-6X4-BLA-10   PHOTO_404 — HEAD 404
✗ photo-atmospheric-leiden-167-pos-6x4-pack20             SKU:GLOBAL-POST-MOH-6X4-BLA-20   PHOTO_404 — HEAD 404
✗ photo-atmospheric-leiden-167-pos-6x4-pack50             SKU:GLOBAL-POST-MOH-6X4-BLA-50   PHOTO_404 — HEAD 404
✗ photo-atmospheric-leiden-167-pos-6x4-pack100            SKU:GLOBAL-POST-MOH-6X4-BLA-100  PHOTO_404 — HEAD 404
✗ photo-atmospheric-leiden-167-pos-7x5-pack10             SKU:GLOBAL-POST-MOH-7X5-BLA-10   PHOTO_404 — HEAD 404
✗ photo-atmospheric-leiden-167-pos-7x5-pack20             SKU:GLOBAL-POST-MOH-7X5-BLA-20   PHOTO_404 — HEAD 404
✗ photo-atmospheric-leiden-167-pos-7x5-pack50             SKU:GLOBAL-POST-MOH-7X5-BLA-50   PHOTO_404 — HEAD 404
✗ photo-atmospheric-leiden-167-pos-7x5-pack100            SKU:GLOBAL-POST-MOH-7X5-BLA-100  PHOTO_404 — HEAD 404
✗ photo-halcyon-katwijk-221-can-16x12                     SKU:CAN-38MM-SC-16x12            PHOTO_404 — HEAD 404
✗ photo-halcyon-katwijk-221-can-20x16                     SKU:CAN-38MM-SC-20x16            PHOTO_404 — HEAD 404
✗ photo-halcyon-katwijk-221-can-40x30                     SKU:CAN-19MM-SC-40x30            PHOTO_404 — HEAD 404
✗ photo-halcyon-katwijk-221-clp-16x20                     SKU:ART-PAP-LPP-16X20            PHOTO_404 — HEAD 404
✗ photo-halcyon-katwijk-221-clp-24x36                     SKU:ART-PAP-LPP-24X36            PHOTO_404 — HEAD 404
✗ photo-halcyon-katwijk-221-ema-16x20                     SKU:GLOBAL-FAP-16X20             PHOTO_404 — HEAD 404
✗ photo-halcyon-katwijk-221-ema-a5                        SKU:GLOBAL-FAP-A5                PHOTO_404 — HEAD 404
✗ photo-halcyon-katwijk-221-ema-24x36                     SKU:GLOBAL-FAP-24X36             PHOTO_404 — HEAD 404
✗ photo-halcyon-katwijk-221-ema-a4                        SKU:GLOBAL-FAP-A4                PHOTO_404 — HEAD 404
✗ photo-halcyon-katwijk-221-ema-a3                        SKU:GLOBAL-FAP-A3                PHOTO_404 — HEAD 404
✗ photo-halcyon-katwijk-221-fap-a4-black                  SKU:FRA-CLA-HPR-NM-GLA-A4        PHOTO_404 — HEAD 404
✗ photo-halcyon-katwijk-221-fap-a4-natural-oak            SKU:FRA-CLA-HPR-NM-GLA-A4        PHOTO_404 — HEAD 404
✗ photo-halcyon-katwijk-221-fap-a4-white                  SKU:FRA-CLA-HPR-NM-GLA-A4        PHOTO_404 — HEAD 404
✗ photo-halcyon-katwijk-221-fap-a3-black                  SKU:FRA-CLA-HPR-NM-GLA-A3        PHOTO_404 — HEAD 404
✗ photo-halcyon-katwijk-221-fap-a3-natural-oak            SKU:FRA-CLA-HPR-NM-GLA-A3        PHOTO_404 — HEAD 404
✗ photo-halcyon-katwijk-221-fap-a3-white                  SKU:FRA-CLA-HPR-NM-GLA-A3        PHOTO_404 — HEAD 404
✗ photo-halcyon-katwijk-221-gre-6x4-pack10                SKU:GLOBAL-GRE-MOH-6X4-BLA-10    PHOTO_404 — HEAD 404
✗ photo-halcyon-katwijk-221-gre-6x4-pack20                SKU:GLOBAL-GRE-MOH-6X4-BLA-20    PHOTO_404 — HEAD 404
✗ photo-halcyon-katwijk-221-gre-6x4-pack50                SKU:GLOBAL-GRE-MOH-6X4-BLA-50    PHOTO_404 — HEAD 404
✗ photo-halcyon-katwijk-221-gre-6x4-pack100               SKU:GLOBAL-GRE-MOH-6X4-BLA-100   PHOTO_404 — HEAD 404
✗ photo-halcyon-katwijk-221-gre-7x5-pack10                SKU:GLOBAL-GRE-MOH-7X5-BLA-10    PHOTO_404 — HEAD 404
✗ photo-halcyon-katwijk-221-gre-7x5-pack20                SKU:GLOBAL-GRE-MOH-7X5-BLA-20    PHOTO_404 — HEAD 404
✗ photo-halcyon-katwijk-221-gre-7x5-pack50                SKU:GLOBAL-GRE-MOH-7X5-BLA-50    PHOTO_404 — HEAD 404
✗ photo-halcyon-katwijk-221-gre-7x5-pack100               SKU:GLOBAL-GRE-MOH-7X5-BLA-100   PHOTO_404 — HEAD 404
✗ photo-halcyon-katwijk-221-hge-16x20                     SKU:GLOBAL-HGE-16X20             PHOTO_404 — HEAD 404
✗ photo-halcyon-katwijk-221-hge-a5                        SKU:GLOBAL-HGE-A5                PHOTO_404 — HEAD 404
✗ photo-halcyon-katwijk-221-hge-24x36                     SKU:GLOBAL-HGE-24X36             PHOTO_404 — HEAD 404
✗ photo-halcyon-katwijk-221-hge-a4                        SKU:GLOBAL-HGE-A4                PHOTO_404 — HEAD 404
✗ photo-halcyon-katwijk-221-hge-a3                        SKU:GLOBAL-HGE-A3                PHOTO_404 — HEAD 404
✗ photo-halcyon-katwijk-221-hpr-16x20                     SKU:GLOBAL-HPR-16X20             PHOTO_404 — HEAD 404
✗ photo-halcyon-katwijk-221-hpr-a5                        SKU:GLOBAL-HPR-A5                PHOTO_404 — HEAD 404
✗ photo-halcyon-katwijk-221-hpr-24x36                     SKU:GLOBAL-HPR-24X36             PHOTO_404 — HEAD 404
✗ photo-halcyon-katwijk-221-hpr-a4                        SKU:GLOBAL-HPR-A4                PHOTO_404 — HEAD 404
✗ photo-halcyon-katwijk-221-hpr-a3                        SKU:GLOBAL-HPR-A3                PHOTO_404 — HEAD 404
✗ photo-halcyon-katwijk-275-can-16x12                     SKU:CAN-38MM-SC-16x12            PHOTO_404 — HEAD 404
✗ photo-halcyon-katwijk-275-can-20x16                     SKU:CAN-38MM-SC-20x16            PHOTO_404 — HEAD 404
✗ photo-halcyon-katwijk-275-can-40x30                     SKU:CAN-19MM-SC-40x30            PHOTO_404 — HEAD 404
✗ photo-halcyon-katwijk-275-ema-a5                        SKU:GLOBAL-FAP-A5                PHOTO_404 — HEAD 404
✗ photo-halcyon-katwijk-275-ema-a4                        SKU:GLOBAL-FAP-A4                PHOTO_404 — HEAD 404
✗ photo-halcyon-katwijk-275-ema-a3                        SKU:GLOBAL-FAP-A3                PHOTO_404 — HEAD 404
✗ photo-halcyon-katwijk-275-fap-a4-black                  SKU:FRA-CLA-HPR-NM-GLA-A4        PHOTO_404 — HEAD 404
✗ photo-halcyon-katwijk-275-fap-a4-natural-oak            SKU:FRA-CLA-HPR-NM-GLA-A4        PHOTO_404 — HEAD 404
✗ photo-halcyon-katwijk-275-fap-a4-white                  SKU:FRA-CLA-HPR-NM-GLA-A4        PHOTO_404 — HEAD 404
✗ photo-halcyon-katwijk-275-fap-a3-black                  SKU:FRA-CLA-HPR-NM-GLA-A3        PHOTO_404 — HEAD 404
✗ photo-halcyon-katwijk-275-fap-a3-natural-oak            SKU:FRA-CLA-HPR-NM-GLA-A3        PHOTO_404 — HEAD 404
✗ photo-halcyon-katwijk-275-fap-a3-white                  SKU:FRA-CLA-HPR-NM-GLA-A3        PHOTO_404 — HEAD 404
✗ photo-halcyon-katwijk-275-hge-a5                        SKU:GLOBAL-HGE-A5                PHOTO_404 — HEAD 404
✗ photo-halcyon-katwijk-275-hge-a4                        SKU:GLOBAL-HGE-A4                PHOTO_404 — HEAD 404
✗ photo-halcyon-katwijk-275-hge-a3                        SKU:GLOBAL-HGE-A3                PHOTO_404 — HEAD 404
✗ photo-halcyon-katwijk-275-hpr-a5                        SKU:GLOBAL-HPR-A5                PHOTO_404 — HEAD 404
✗ photo-halcyon-katwijk-275-hpr-a4                        SKU:GLOBAL-HPR-A4                PHOTO_404 — HEAD 404
✗ photo-halcyon-katwijk-275-hpr-a3                        SKU:GLOBAL-HPR-A3                PHOTO_404 — HEAD 404
✗ photo-halcyon-katwijk-275-pos-6x4-pack10                SKU:GLOBAL-POST-MOH-6X4-BLA-10   PHOTO_404 — HEAD 404
✗ photo-halcyon-katwijk-275-pos-6x4-pack20                SKU:GLOBAL-POST-MOH-6X4-BLA-20   PHOTO_404 — HEAD 404
✗ photo-halcyon-katwijk-275-pos-6x4-pack50                SKU:GLOBAL-POST-MOH-6X4-BLA-50   PHOTO_404 — HEAD 404
✗ photo-halcyon-katwijk-275-pos-6x4-pack100               SKU:GLOBAL-POST-MOH-6X4-BLA-100  PHOTO_404 — HEAD 404
✗ photo-halcyon-katwijk-275-pos-7x5-pack10                SKU:GLOBAL-POST-MOH-7X5-BLA-10   PHOTO_404 — HEAD 404
✗ photo-halcyon-katwijk-275-pos-7x5-pack20                SKU:GLOBAL-POST-MOH-7X5-BLA-20   PHOTO_404 — HEAD 404
✗ photo-halcyon-katwijk-275-pos-7x5-pack50                SKU:GLOBAL-POST-MOH-7X5-BLA-50   PHOTO_404 — HEAD 404
✗ photo-halcyon-katwijk-275-pos-7x5-pack100               SKU:GLOBAL-POST-MOH-7X5-BLA-100  PHOTO_404 — HEAD 404
✗ photo-halcyon-katwijk-281-can-16x12                     SKU:CAN-38MM-SC-16x12            PHOTO_404 — HEAD 404
✗ photo-halcyon-katwijk-281-can-20x16                     SKU:CAN-38MM-SC-20x16            PHOTO_404 — HEAD 404
✗ photo-halcyon-katwijk-281-can-40x30                     SKU:CAN-19MM-SC-40x30            PHOTO_404 — HEAD 404
✗ photo-halcyon-katwijk-281-ema-a5                        SKU:GLOBAL-FAP-A5                PHOTO_404 — HEAD 404
✗ photo-halcyon-katwijk-281-ema-a4                        SKU:GLOBAL-FAP-A4                PHOTO_404 — HEAD 404
✗ photo-halcyon-katwijk-281-ema-a3                        SKU:GLOBAL-FAP-A3                PHOTO_404 — HEAD 404
✗ photo-halcyon-katwijk-281-fap-a4-black                  SKU:FRA-CLA-HPR-NM-GLA-A4        PHOTO_404 — HEAD 404
✗ photo-halcyon-katwijk-281-fap-a4-natural-oak            SKU:FRA-CLA-HPR-NM-GLA-A4        PHOTO_404 — HEAD 404
✗ photo-halcyon-katwijk-281-fap-a4-white                  SKU:FRA-CLA-HPR-NM-GLA-A4        PHOTO_404 — HEAD 404
✗ photo-halcyon-katwijk-281-fap-a3-black                  SKU:FRA-CLA-HPR-NM-GLA-A3        PHOTO_404 — HEAD 404
✗ photo-halcyon-katwijk-281-fap-a3-natural-oak            SKU:FRA-CLA-HPR-NM-GLA-A3        PHOTO_404 — HEAD 404
✗ photo-halcyon-katwijk-281-fap-a3-white                  SKU:FRA-CLA-HPR-NM-GLA-A3        PHOTO_404 — HEAD 404
✗ photo-halcyon-katwijk-281-hge-a5                        SKU:GLOBAL-HGE-A5                PHOTO_404 — HEAD 404
✗ photo-halcyon-katwijk-281-hge-a4                        SKU:GLOBAL-HGE-A4                PHOTO_404 — HEAD 404
✗ photo-halcyon-katwijk-281-hge-a3                        SKU:GLOBAL-HGE-A3                PHOTO_404 — HEAD 404
✗ photo-halcyon-katwijk-281-hpr-a5                        SKU:GLOBAL-HPR-A5                PHOTO_404 — HEAD 404
✗ photo-halcyon-katwijk-281-hpr-a4                        SKU:GLOBAL-HPR-A4                PHOTO_404 — HEAD 404
✗ photo-halcyon-katwijk-281-hpr-a3                        SKU:GLOBAL-HPR-A3                PHOTO_404 — HEAD 404
✗ photo-halcyon-katwijk-281-pos-6x4-pack10                SKU:GLOBAL-POST-MOH-6X4-BLA-10   PHOTO_404 — HEAD 404
✗ photo-halcyon-katwijk-281-pos-6x4-pack20                SKU:GLOBAL-POST-MOH-6X4-BLA-20   PHOTO_404 — HEAD 404
✗ photo-halcyon-katwijk-281-pos-6x4-pack50                SKU:GLOBAL-POST-MOH-6X4-BLA-50   PHOTO_404 — HEAD 404
✗ photo-halcyon-katwijk-281-pos-6x4-pack100               SKU:GLOBAL-POST-MOH-6X4-BLA-100  PHOTO_404 — HEAD 404
✗ photo-halcyon-katwijk-281-pos-7x5-pack10                SKU:GLOBAL-POST-MOH-7X5-BLA-10   PHOTO_404 — HEAD 404
✗ photo-halcyon-katwijk-281-pos-7x5-pack20                SKU:GLOBAL-POST-MOH-7X5-BLA-20   PHOTO_404 — HEAD 404
✗ photo-halcyon-katwijk-281-pos-7x5-pack50                SKU:GLOBAL-POST-MOH-7X5-BLA-50   PHOTO_404 — HEAD 404
✗ photo-halcyon-katwijk-281-pos-7x5-pack100               SKU:GLOBAL-POST-MOH-7X5-BLA-100  PHOTO_404 — HEAD 404
✗ photo-halcyon-katwijk-293-can-16x12                     SKU:CAN-38MM-SC-16x12            PHOTO_404 — HEAD 404
✗ photo-halcyon-katwijk-293-can-20x16                     SKU:CAN-38MM-SC-20x16            PHOTO_404 — HEAD 404
✗ photo-halcyon-katwijk-293-can-40x30                     SKU:CAN-19MM-SC-40x30            PHOTO_404 — HEAD 404
✗ photo-halcyon-katwijk-293-ema-a5                        SKU:GLOBAL-FAP-A5                PHOTO_404 — HEAD 404
✗ photo-halcyon-katwijk-293-ema-a4                        SKU:GLOBAL-FAP-A4                PHOTO_404 — HEAD 404
✗ photo-halcyon-katwijk-293-ema-a3                        SKU:GLOBAL-FAP-A3                PHOTO_404 — HEAD 404
✗ photo-halcyon-katwijk-293-fap-a4-black                  SKU:FRA-CLA-HPR-NM-GLA-A4        PHOTO_404 — HEAD 404
✗ photo-halcyon-katwijk-293-fap-a4-natural-oak            SKU:FRA-CLA-HPR-NM-GLA-A4        PHOTO_404 — HEAD 404
✗ photo-halcyon-katwijk-293-fap-a4-white                  SKU:FRA-CLA-HPR-NM-GLA-A4        PHOTO_404 — HEAD 404
✗ photo-halcyon-katwijk-293-fap-a3-black                  SKU:FRA-CLA-HPR-NM-GLA-A3        PHOTO_404 — HEAD 404
✗ photo-halcyon-katwijk-293-fap-a3-natural-oak            SKU:FRA-CLA-HPR-NM-GLA-A3        PHOTO_404 — HEAD 404
✗ photo-halcyon-katwijk-293-fap-a3-white                  SKU:FRA-CLA-HPR-NM-GLA-A3        PHOTO_404 — HEAD 404
✗ photo-halcyon-katwijk-293-hge-a5                        SKU:GLOBAL-HGE-A5                PHOTO_404 — HEAD 404
✗ photo-halcyon-katwijk-293-hge-a4                        SKU:GLOBAL-HGE-A4                PHOTO_404 — HEAD 404
✗ photo-halcyon-katwijk-293-hge-a3                        SKU:GLOBAL-HGE-A3                PHOTO_404 — HEAD 404
✗ photo-halcyon-katwijk-293-hpr-a5                        SKU:GLOBAL-HPR-A5                PHOTO_404 — HEAD 404
✗ photo-halcyon-katwijk-293-hpr-a4                        SKU:GLOBAL-HPR-A4                PHOTO_404 — HEAD 404
✗ photo-halcyon-katwijk-293-hpr-a3                        SKU:GLOBAL-HPR-A3                PHOTO_404 — HEAD 404
✗ photo-halcyon-katwijk-293-pos-6x4-pack10                SKU:GLOBAL-POST-MOH-6X4-BLA-10   PHOTO_404 — HEAD 404
✗ photo-halcyon-katwijk-293-pos-6x4-pack20                SKU:GLOBAL-POST-MOH-6X4-BLA-20   PHOTO_404 — HEAD 404
✗ photo-halcyon-katwijk-293-pos-6x4-pack50                SKU:GLOBAL-POST-MOH-6X4-BLA-50   PHOTO_404 — HEAD 404
✗ photo-halcyon-katwijk-293-pos-6x4-pack100               SKU:GLOBAL-POST-MOH-6X4-BLA-100  PHOTO_404 — HEAD 404
✗ photo-halcyon-katwijk-293-pos-7x5-pack10                SKU:GLOBAL-POST-MOH-7X5-BLA-10   PHOTO_404 — HEAD 404
✗ photo-halcyon-katwijk-293-pos-7x5-pack20                SKU:GLOBAL-POST-MOH-7X5-BLA-20   PHOTO_404 — HEAD 404
✗ photo-halcyon-katwijk-293-pos-7x5-pack50                SKU:GLOBAL-POST-MOH-7X5-BLA-50   PHOTO_404 — HEAD 404
✗ photo-halcyon-katwijk-293-pos-7x5-pack100               SKU:GLOBAL-POST-MOH-7X5-BLA-100  PHOTO_404 — HEAD 404
✗ photo-halcyon-katwijk-315-can-16x12                     SKU:CAN-38MM-SC-16x12            PHOTO_404 — HEAD 404
✗ photo-halcyon-katwijk-315-can-20x16                     SKU:CAN-38MM-SC-20x16            PHOTO_404 — HEAD 404
✗ photo-halcyon-katwijk-315-can-40x30                     SKU:CAN-19MM-SC-40x30            PHOTO_404 — HEAD 404
✗ photo-halcyon-katwijk-315-ema-a5                        SKU:GLOBAL-FAP-A5                PHOTO_404 — HEAD 404
✗ photo-halcyon-katwijk-315-ema-a4                        SKU:GLOBAL-FAP-A4                PHOTO_404 — HEAD 404
✗ photo-halcyon-katwijk-315-ema-a3                        SKU:GLOBAL-FAP-A3                PHOTO_404 — HEAD 404
✗ photo-halcyon-katwijk-315-fap-a4-black                  SKU:FRA-CLA-HPR-NM-GLA-A4        PHOTO_404 — HEAD 404
✗ photo-halcyon-katwijk-315-fap-a4-natural-oak            SKU:FRA-CLA-HPR-NM-GLA-A4        PHOTO_404 — HEAD 404
✗ photo-halcyon-katwijk-315-fap-a4-white                  SKU:FRA-CLA-HPR-NM-GLA-A4        PHOTO_404 — HEAD 404
✗ photo-halcyon-katwijk-315-fap-a3-black                  SKU:FRA-CLA-HPR-NM-GLA-A3        PHOTO_404 — HEAD 404
✗ photo-halcyon-katwijk-315-fap-a3-natural-oak            SKU:FRA-CLA-HPR-NM-GLA-A3        PHOTO_404 — HEAD 404
✗ photo-halcyon-katwijk-315-fap-a3-white                  SKU:FRA-CLA-HPR-NM-GLA-A3        PHOTO_404 — HEAD 404
✗ photo-halcyon-katwijk-315-hge-a5                        SKU:GLOBAL-HGE-A5                PHOTO_404 — HEAD 404
✗ photo-halcyon-katwijk-315-hge-a4                        SKU:GLOBAL-HGE-A4                PHOTO_404 — HEAD 404
✗ photo-halcyon-katwijk-315-hge-a3                        SKU:GLOBAL-HGE-A3                PHOTO_404 — HEAD 404
✗ photo-halcyon-katwijk-315-hpr-a5                        SKU:GLOBAL-HPR-A5                PHOTO_404 — HEAD 404
✗ photo-halcyon-katwijk-315-hpr-a4                        SKU:GLOBAL-HPR-A4                PHOTO_404 — HEAD 404
✗ photo-halcyon-katwijk-315-hpr-a3                        SKU:GLOBAL-HPR-A3                PHOTO_404 — HEAD 404
✗ photo-halcyon-katwijk-315-pos-6x4-pack10                SKU:GLOBAL-POST-MOH-6X4-BLA-10   PHOTO_404 — HEAD 404
✗ photo-halcyon-katwijk-315-pos-6x4-pack20                SKU:GLOBAL-POST-MOH-6X4-BLA-20   PHOTO_404 — HEAD 404
✗ photo-halcyon-katwijk-315-pos-6x4-pack50                SKU:GLOBAL-POST-MOH-6X4-BLA-50   PHOTO_404 — HEAD 404
✗ photo-halcyon-katwijk-315-pos-6x4-pack100               SKU:GLOBAL-POST-MOH-6X4-BLA-100  PHOTO_404 — HEAD 404
✗ photo-halcyon-katwijk-315-pos-7x5-pack10                SKU:GLOBAL-POST-MOH-7X5-BLA-10   PHOTO_404 — HEAD 404
✗ photo-halcyon-katwijk-315-pos-7x5-pack20                SKU:GLOBAL-POST-MOH-7X5-BLA-20   PHOTO_404 — HEAD 404
✗ photo-halcyon-katwijk-315-pos-7x5-pack50                SKU:GLOBAL-POST-MOH-7X5-BLA-50   PHOTO_404 — HEAD 404
✗ photo-halcyon-katwijk-315-pos-7x5-pack100               SKU:GLOBAL-POST-MOH-7X5-BLA-100  PHOTO_404 — HEAD 404
✗ photo-halcyon-katwijk-338-can-16x12                     SKU:CAN-38MM-SC-16x12            PHOTO_404 — HEAD 404
✗ photo-halcyon-katwijk-338-can-20x16                     SKU:CAN-38MM-SC-20x16            PHOTO_404 — HEAD 404
✗ photo-halcyon-katwijk-338-can-40x30                     SKU:CAN-19MM-SC-40x30            PHOTO_404 — HEAD 404
✗ photo-halcyon-katwijk-338-ema-a5                        SKU:GLOBAL-FAP-A5                PHOTO_404 — HEAD 404
✗ photo-halcyon-katwijk-338-ema-a4                        SKU:GLOBAL-FAP-A4                PHOTO_404 — HEAD 404
✗ photo-halcyon-katwijk-338-ema-a3                        SKU:GLOBAL-FAP-A3                PHOTO_404 — HEAD 404
✗ photo-halcyon-katwijk-338-fap-a4-black                  SKU:FRA-CLA-HPR-NM-GLA-A4        PHOTO_404 — HEAD 404
✗ photo-halcyon-katwijk-338-fap-a4-natural-oak            SKU:FRA-CLA-HPR-NM-GLA-A4        PHOTO_404 — HEAD 404
✗ photo-halcyon-katwijk-338-fap-a4-white                  SKU:FRA-CLA-HPR-NM-GLA-A4        PHOTO_404 — HEAD 404
✗ photo-halcyon-katwijk-338-fap-a3-black                  SKU:FRA-CLA-HPR-NM-GLA-A3        PHOTO_404 — HEAD 404
✗ photo-halcyon-katwijk-338-fap-a3-natural-oak            SKU:FRA-CLA-HPR-NM-GLA-A3        PHOTO_404 — HEAD 404
✗ photo-halcyon-katwijk-338-fap-a3-white                  SKU:FRA-CLA-HPR-NM-GLA-A3        PHOTO_404 — HEAD 404
✗ photo-halcyon-katwijk-338-hge-a5                        SKU:GLOBAL-HGE-A5                PHOTO_404 — HEAD 404
✗ photo-halcyon-katwijk-338-hge-a4                        SKU:GLOBAL-HGE-A4                PHOTO_404 — HEAD 404
✗ photo-halcyon-katwijk-338-hge-a3                        SKU:GLOBAL-HGE-A3                PHOTO_404 — HEAD 404
✗ photo-halcyon-katwijk-338-hpr-a5                        SKU:GLOBAL-HPR-A5                PHOTO_404 — HEAD 404
✗ photo-halcyon-katwijk-338-hpr-a4                        SKU:GLOBAL-HPR-A4                PHOTO_404 — HEAD 404
✗ photo-halcyon-katwijk-338-hpr-a3                        SKU:GLOBAL-HPR-A3                PHOTO_404 — HEAD 404
✗ photo-halcyon-katwijk-338-pos-6x4-pack10                SKU:GLOBAL-POST-MOH-6X4-BLA-10   PHOTO_404 — HEAD 404
✗ photo-halcyon-katwijk-338-pos-6x4-pack20                SKU:GLOBAL-POST-MOH-6X4-BLA-20   PHOTO_404 — HEAD 404
✗ photo-halcyon-katwijk-338-pos-6x4-pack50                SKU:GLOBAL-POST-MOH-6X4-BLA-50   PHOTO_404 — HEAD 404
✗ photo-halcyon-katwijk-338-pos-6x4-pack100               SKU:GLOBAL-POST-MOH-6X4-BLA-100  PHOTO_404 — HEAD 404
✗ photo-halcyon-katwijk-338-pos-7x5-pack10                SKU:GLOBAL-POST-MOH-7X5-BLA-10   PHOTO_404 — HEAD 404
✗ photo-halcyon-katwijk-338-pos-7x5-pack20                SKU:GLOBAL-POST-MOH-7X5-BLA-20   PHOTO_404 — HEAD 404
✗ photo-halcyon-katwijk-338-pos-7x5-pack50                SKU:GLOBAL-POST-MOH-7X5-BLA-50   PHOTO_404 — HEAD 404
✗ photo-halcyon-katwijk-338-pos-7x5-pack100               SKU:GLOBAL-POST-MOH-7X5-BLA-100  PHOTO_404 — HEAD 404
✗ photo-halcyon-katwijk-405-can-16x12                     SKU:CAN-38MM-SC-16x12            PHOTO_404 — HEAD 404
✗ photo-halcyon-katwijk-405-can-20x16                     SKU:CAN-38MM-SC-20x16            PHOTO_404 — HEAD 404
✗ photo-halcyon-katwijk-405-can-40x30                     SKU:CAN-19MM-SC-40x30            PHOTO_404 — HEAD 404
✗ photo-halcyon-katwijk-405-clp-16x20                     SKU:ART-PAP-LPP-16X20            PHOTO_404 — HEAD 404
✗ photo-halcyon-katwijk-405-clp-24x36                     SKU:ART-PAP-LPP-24X36            PHOTO_404 — HEAD 404
✗ photo-halcyon-katwijk-405-ema-16x20                     SKU:GLOBAL-FAP-16X20             PHOTO_404 — HEAD 404
✗ photo-halcyon-katwijk-405-ema-a5                        SKU:GLOBAL-FAP-A5                PHOTO_404 — HEAD 404
✗ photo-halcyon-katwijk-405-ema-24x36                     SKU:GLOBAL-FAP-24X36             PHOTO_404 — HEAD 404
✗ photo-halcyon-katwijk-405-ema-a4                        SKU:GLOBAL-FAP-A4                PHOTO_404 — HEAD 404
✗ photo-halcyon-katwijk-405-ema-a3                        SKU:GLOBAL-FAP-A3                PHOTO_404 — HEAD 404
✗ photo-halcyon-katwijk-405-fap-a4-black                  SKU:FRA-CLA-HPR-NM-GLA-A4        PHOTO_404 — HEAD 404
✗ photo-halcyon-katwijk-405-fap-a4-natural-oak            SKU:FRA-CLA-HPR-NM-GLA-A4        PHOTO_404 — HEAD 404
✗ photo-halcyon-katwijk-405-fap-a4-white                  SKU:FRA-CLA-HPR-NM-GLA-A4        PHOTO_404 — HEAD 404
✗ photo-halcyon-katwijk-405-fap-a3-black                  SKU:FRA-CLA-HPR-NM-GLA-A3        PHOTO_404 — HEAD 404
✗ photo-halcyon-katwijk-405-fap-a3-natural-oak            SKU:FRA-CLA-HPR-NM-GLA-A3        PHOTO_404 — HEAD 404
✗ photo-halcyon-katwijk-405-fap-a3-white                  SKU:FRA-CLA-HPR-NM-GLA-A3        PHOTO_404 — HEAD 404
✗ photo-halcyon-katwijk-405-gre-6x4-pack10                SKU:GLOBAL-GRE-MOH-6X4-BLA-10    PHOTO_404 — HEAD 404
✗ photo-halcyon-katwijk-405-gre-6x4-pack20                SKU:GLOBAL-GRE-MOH-6X4-BLA-20    PHOTO_404 — HEAD 404
✗ photo-halcyon-katwijk-405-gre-6x4-pack50                SKU:GLOBAL-GRE-MOH-6X4-BLA-50    PHOTO_404 — HEAD 404
✗ photo-halcyon-katwijk-405-gre-6x4-pack100               SKU:GLOBAL-GRE-MOH-6X4-BLA-100   PHOTO_404 — HEAD 404
✗ photo-halcyon-katwijk-405-gre-7x5-pack10                SKU:GLOBAL-GRE-MOH-7X5-BLA-10    PHOTO_404 — HEAD 404
✗ photo-halcyon-katwijk-405-gre-7x5-pack20                SKU:GLOBAL-GRE-MOH-7X5-BLA-20    PHOTO_404 — HEAD 404
✗ photo-halcyon-katwijk-405-gre-7x5-pack50                SKU:GLOBAL-GRE-MOH-7X5-BLA-50    PHOTO_404 — HEAD 404
✗ photo-halcyon-katwijk-405-gre-7x5-pack100               SKU:GLOBAL-GRE-MOH-7X5-BLA-100   PHOTO_404 — HEAD 404
✗ photo-halcyon-katwijk-405-hge-16x20                     SKU:GLOBAL-HGE-16X20             PHOTO_404 — HEAD 404
✗ photo-halcyon-katwijk-405-hge-a5                        SKU:GLOBAL-HGE-A5                PHOTO_404 — HEAD 404
✗ photo-halcyon-katwijk-405-hge-24x36                     SKU:GLOBAL-HGE-24X36             PHOTO_404 — HEAD 404
✗ photo-halcyon-katwijk-405-hge-a4                        SKU:GLOBAL-HGE-A4                PHOTO_404 — HEAD 404
✗ photo-halcyon-katwijk-405-hge-a3                        SKU:GLOBAL-HGE-A3                PHOTO_404 — HEAD 404
✗ photo-halcyon-katwijk-405-hpr-16x20                     SKU:GLOBAL-HPR-16X20             PHOTO_404 — HEAD 404
✗ photo-halcyon-katwijk-405-hpr-a5                        SKU:GLOBAL-HPR-A5                PHOTO_404 — HEAD 404
✗ photo-halcyon-katwijk-405-hpr-24x36                     SKU:GLOBAL-HPR-24X36             PHOTO_404 — HEAD 404
✗ photo-halcyon-katwijk-405-hpr-a4                        SKU:GLOBAL-HPR-A4                PHOTO_404 — HEAD 404
✗ photo-halcyon-katwijk-405-hpr-a3                        SKU:GLOBAL-HPR-A3                PHOTO_404 — HEAD 404
✗ photo-halcyon-katwijk-444-can-16x12                     SKU:CAN-38MM-SC-16x12            PHOTO_404 — HEAD 404
✗ photo-halcyon-katwijk-444-can-20x16                     SKU:CAN-38MM-SC-20x16            PHOTO_404 — HEAD 404
✗ photo-halcyon-katwijk-444-can-40x30                     SKU:CAN-19MM-SC-40x30            PHOTO_404 — HEAD 404
✗ photo-halcyon-katwijk-444-clp-16x20                     SKU:ART-PAP-LPP-16X20            PHOTO_404 — HEAD 404
✗ photo-halcyon-katwijk-444-clp-24x36                     SKU:ART-PAP-LPP-24X36            PHOTO_404 — HEAD 404
✗ photo-halcyon-katwijk-444-ema-16x20                     SKU:GLOBAL-FAP-16X20             PHOTO_404 — HEAD 404
✗ photo-halcyon-katwijk-444-ema-a5                        SKU:GLOBAL-FAP-A5                PHOTO_404 — HEAD 404
✗ photo-halcyon-katwijk-444-ema-24x36                     SKU:GLOBAL-FAP-24X36             PHOTO_404 — HEAD 404
✗ photo-halcyon-katwijk-444-ema-a4                        SKU:GLOBAL-FAP-A4                PHOTO_404 — HEAD 404
✗ photo-halcyon-katwijk-444-ema-a3                        SKU:GLOBAL-FAP-A3                PHOTO_404 — HEAD 404
✗ photo-halcyon-katwijk-444-fap-a4-black                  SKU:FRA-CLA-HPR-NM-GLA-A4        PHOTO_404 — HEAD 404
✗ photo-halcyon-katwijk-444-fap-a4-natural-oak            SKU:FRA-CLA-HPR-NM-GLA-A4        PHOTO_404 — HEAD 404
✗ photo-halcyon-katwijk-444-fap-a4-white                  SKU:FRA-CLA-HPR-NM-GLA-A4        PHOTO_404 — HEAD 404
✗ photo-halcyon-katwijk-444-fap-a3-black                  SKU:FRA-CLA-HPR-NM-GLA-A3        PHOTO_404 — HEAD 404
✗ photo-halcyon-katwijk-444-fap-a3-natural-oak            SKU:FRA-CLA-HPR-NM-GLA-A3        PHOTO_404 — HEAD 404
✗ photo-halcyon-katwijk-444-fap-a3-white                  SKU:FRA-CLA-HPR-NM-GLA-A3        PHOTO_404 — HEAD 404
✗ photo-halcyon-katwijk-444-gre-6x4-pack10                SKU:GLOBAL-GRE-MOH-6X4-BLA-10    PHOTO_404 — HEAD 404
✗ photo-halcyon-katwijk-444-gre-6x4-pack20                SKU:GLOBAL-GRE-MOH-6X4-BLA-20    PHOTO_404 — HEAD 404
✗ photo-halcyon-katwijk-444-gre-6x4-pack50                SKU:GLOBAL-GRE-MOH-6X4-BLA-50    PHOTO_404 — HEAD 404
✗ photo-halcyon-katwijk-444-gre-6x4-pack100               SKU:GLOBAL-GRE-MOH-6X4-BLA-100   PHOTO_404 — HEAD 404
✗ photo-halcyon-katwijk-444-gre-7x5-pack10                SKU:GLOBAL-GRE-MOH-7X5-BLA-10    PHOTO_404 — HEAD 404
✗ photo-halcyon-katwijk-444-gre-7x5-pack20                SKU:GLOBAL-GRE-MOH-7X5-BLA-20    PHOTO_404 — HEAD 404
✗ photo-halcyon-katwijk-444-gre-7x5-pack50                SKU:GLOBAL-GRE-MOH-7X5-BLA-50    PHOTO_404 — HEAD 404
✗ photo-halcyon-katwijk-444-gre-7x5-pack100               SKU:GLOBAL-GRE-MOH-7X5-BLA-100   PHOTO_404 — HEAD 404
✗ photo-halcyon-katwijk-444-hge-16x20                     SKU:GLOBAL-HGE-16X20             PHOTO_404 — HEAD 404
✗ photo-halcyon-katwijk-444-hge-a5                        SKU:GLOBAL-HGE-A5                PHOTO_404 — HEAD 404
✗ photo-halcyon-katwijk-444-hge-24x36                     SKU:GLOBAL-HGE-24X36             PHOTO_404 — HEAD 404
✗ photo-halcyon-katwijk-444-hge-a4                        SKU:GLOBAL-HGE-A4                PHOTO_404 — HEAD 404
✗ photo-halcyon-katwijk-444-hge-a3                        SKU:GLOBAL-HGE-A3                PHOTO_404 — HEAD 404
✗ photo-halcyon-katwijk-444-hpr-16x20                     SKU:GLOBAL-HPR-16X20             PHOTO_404 — HEAD 404
✗ photo-halcyon-katwijk-444-hpr-a5                        SKU:GLOBAL-HPR-A5                PHOTO_404 — HEAD 404
✗ photo-halcyon-katwijk-444-hpr-24x36                     SKU:GLOBAL-HPR-24X36             PHOTO_404 — HEAD 404
✗ photo-halcyon-katwijk-444-hpr-a4                        SKU:GLOBAL-HPR-A4                PHOTO_404 — HEAD 404
✗ photo-halcyon-katwijk-444-hpr-a3                        SKU:GLOBAL-HPR-A3                PHOTO_404 — HEAD 404
✗ photo-halcyon-roelof-068-can-16x12                      SKU:CAN-38MM-SC-16x12            PHOTO_404 — HEAD 404
✗ photo-halcyon-roelof-068-can-20x16                      SKU:CAN-38MM-SC-20x16            PHOTO_404 — HEAD 404
✗ photo-halcyon-roelof-068-can-40x30                      SKU:CAN-19MM-SC-40x30            PHOTO_404 — HEAD 404
✗ photo-halcyon-roelof-068-clp-16x20                      SKU:ART-PAP-LPP-16X20            PHOTO_404 — HEAD 404
✗ photo-halcyon-roelof-068-clp-24x36                      SKU:ART-PAP-LPP-24X36            PHOTO_404 — HEAD 404
✗ photo-halcyon-roelof-068-ema-16x20                      SKU:GLOBAL-FAP-16X20             PHOTO_404 — HEAD 404
✗ photo-halcyon-roelof-068-ema-a5                         SKU:GLOBAL-FAP-A5                PHOTO_404 — HEAD 404
✗ photo-halcyon-roelof-068-ema-24x36                      SKU:GLOBAL-FAP-24X36             PHOTO_404 — HEAD 404
✗ photo-halcyon-roelof-068-ema-a4                         SKU:GLOBAL-FAP-A4                PHOTO_404 — HEAD 404
✗ photo-halcyon-roelof-068-ema-a3                         SKU:GLOBAL-FAP-A3                PHOTO_404 — HEAD 404
✗ photo-halcyon-roelof-068-fap-a4-black                   SKU:FRA-CLA-HPR-NM-GLA-A4        PHOTO_404 — HEAD 404
✗ photo-halcyon-roelof-068-fap-a4-natural-oak             SKU:FRA-CLA-HPR-NM-GLA-A4        PHOTO_404 — HEAD 404
✗ photo-halcyon-roelof-068-fap-a4-white                   SKU:FRA-CLA-HPR-NM-GLA-A4        PHOTO_404 — HEAD 404
✗ photo-halcyon-roelof-068-fap-a3-black                   SKU:FRA-CLA-HPR-NM-GLA-A3        PHOTO_404 — HEAD 404
✗ photo-halcyon-roelof-068-fap-a3-natural-oak             SKU:FRA-CLA-HPR-NM-GLA-A3        PHOTO_404 — HEAD 404
✗ photo-halcyon-roelof-068-fap-a3-white                   SKU:FRA-CLA-HPR-NM-GLA-A3        PHOTO_404 — HEAD 404
✗ photo-halcyon-roelof-068-gre-6x4-pack10                 SKU:GLOBAL-GRE-MOH-6X4-BLA-10    PHOTO_404 — HEAD 404
✗ photo-halcyon-roelof-068-gre-6x4-pack20                 SKU:GLOBAL-GRE-MOH-6X4-BLA-20    PHOTO_404 — HEAD 404
✗ photo-halcyon-roelof-068-gre-6x4-pack50                 SKU:GLOBAL-GRE-MOH-6X4-BLA-50    PHOTO_404 — HEAD 404
✗ photo-halcyon-roelof-068-gre-6x4-pack100                SKU:GLOBAL-GRE-MOH-6X4-BLA-100   PHOTO_404 — HEAD 404
✗ photo-halcyon-roelof-068-gre-7x5-pack10                 SKU:GLOBAL-GRE-MOH-7X5-BLA-10    PHOTO_404 — HEAD 404
✗ photo-halcyon-roelof-068-gre-7x5-pack20                 SKU:GLOBAL-GRE-MOH-7X5-BLA-20    PHOTO_404 — HEAD 404
✗ photo-halcyon-roelof-068-gre-7x5-pack50                 SKU:GLOBAL-GRE-MOH-7X5-BLA-50    PHOTO_404 — HEAD 404
✗ photo-halcyon-roelof-068-gre-7x5-pack100                SKU:GLOBAL-GRE-MOH-7X5-BLA-100   PHOTO_404 — HEAD 404
✗ photo-halcyon-roelof-068-hge-16x20                      SKU:GLOBAL-HGE-16X20             PHOTO_404 — HEAD 404
✗ photo-halcyon-roelof-068-hge-a5                         SKU:GLOBAL-HGE-A5                PHOTO_404 — HEAD 404
✗ photo-halcyon-roelof-068-hge-24x36                      SKU:GLOBAL-HGE-24X36             PHOTO_404 — HEAD 404
✗ photo-halcyon-roelof-068-hge-a4                         SKU:GLOBAL-HGE-A4                PHOTO_404 — HEAD 404
✗ photo-halcyon-roelof-068-hge-a3                         SKU:GLOBAL-HGE-A3                PHOTO_404 — HEAD 404
✗ photo-halcyon-roelof-068-hpr-16x20                      SKU:GLOBAL-HPR-16X20             PHOTO_404 — HEAD 404
✗ photo-halcyon-roelof-068-hpr-a5                         SKU:GLOBAL-HPR-A5                PHOTO_404 — HEAD 404
✗ photo-halcyon-roelof-068-hpr-24x36                      SKU:GLOBAL-HPR-24X36             PHOTO_404 — HEAD 404
✗ photo-halcyon-roelof-068-hpr-a4                         SKU:GLOBAL-HPR-A4                PHOTO_404 — HEAD 404
✗ photo-halcyon-roelof-068-hpr-a3                         SKU:GLOBAL-HPR-A3                PHOTO_404 — HEAD 404
✗ photo-halcyon-roelof-159-can-16x12                      SKU:CAN-38MM-SC-16x12            PHOTO_404 — HEAD 404
✗ photo-halcyon-roelof-159-can-20x16                      SKU:CAN-38MM-SC-20x16            PHOTO_404 — HEAD 404
✗ photo-halcyon-roelof-159-can-40x30                      SKU:CAN-19MM-SC-40x30            PHOTO_404 — HEAD 404
✗ photo-halcyon-roelof-159-ema-a5                         SKU:GLOBAL-FAP-A5                PHOTO_404 — HEAD 404
✗ photo-halcyon-roelof-159-ema-a4                         SKU:GLOBAL-FAP-A4                PHOTO_404 — HEAD 404
✗ photo-halcyon-roelof-159-ema-a3                         SKU:GLOBAL-FAP-A3                PHOTO_404 — HEAD 404
✗ photo-halcyon-roelof-159-fap-a4-black                   SKU:FRA-CLA-HPR-NM-GLA-A4        PHOTO_404 — HEAD 404
✗ photo-halcyon-roelof-159-fap-a4-natural-oak             SKU:FRA-CLA-HPR-NM-GLA-A4        PHOTO_404 — HEAD 404
✗ photo-halcyon-roelof-159-fap-a4-white                   SKU:FRA-CLA-HPR-NM-GLA-A4        PHOTO_404 — HEAD 404
✗ photo-halcyon-roelof-159-fap-a3-black                   SKU:FRA-CLA-HPR-NM-GLA-A3        PHOTO_404 — HEAD 404
✗ photo-halcyon-roelof-159-fap-a3-natural-oak             SKU:FRA-CLA-HPR-NM-GLA-A3        PHOTO_404 — HEAD 404
✗ photo-halcyon-roelof-159-fap-a3-white                   SKU:FRA-CLA-HPR-NM-GLA-A3        PHOTO_404 — HEAD 404
✗ photo-halcyon-roelof-159-hge-a5                         SKU:GLOBAL-HGE-A5                PHOTO_404 — HEAD 404
✗ photo-halcyon-roelof-159-hge-a4                         SKU:GLOBAL-HGE-A4                PHOTO_404 — HEAD 404
✗ photo-halcyon-roelof-159-hge-a3                         SKU:GLOBAL-HGE-A3                PHOTO_404 — HEAD 404
✗ photo-halcyon-roelof-159-hpr-a5                         SKU:GLOBAL-HPR-A5                PHOTO_404 — HEAD 404
✗ photo-halcyon-roelof-159-hpr-a4                         SKU:GLOBAL-HPR-A4                PHOTO_404 — HEAD 404
✗ photo-halcyon-roelof-159-hpr-a3                         SKU:GLOBAL-HPR-A3                PHOTO_404 — HEAD 404
✗ photo-halcyon-roelof-159-pos-6x4-pack10                 SKU:GLOBAL-POST-MOH-6X4-BLA-10   PHOTO_404 — HEAD 404
✗ photo-halcyon-roelof-159-pos-6x4-pack20                 SKU:GLOBAL-POST-MOH-6X4-BLA-20   PHOTO_404 — HEAD 404
✗ photo-halcyon-roelof-159-pos-6x4-pack50                 SKU:GLOBAL-POST-MOH-6X4-BLA-50   PHOTO_404 — HEAD 404
✗ photo-halcyon-roelof-159-pos-6x4-pack100                SKU:GLOBAL-POST-MOH-6X4-BLA-100  PHOTO_404 — HEAD 404
✗ photo-halcyon-roelof-159-pos-7x5-pack10                 SKU:GLOBAL-POST-MOH-7X5-BLA-10   PHOTO_404 — HEAD 404
✗ photo-halcyon-roelof-159-pos-7x5-pack20                 SKU:GLOBAL-POST-MOH-7X5-BLA-20   PHOTO_404 — HEAD 404
✗ photo-halcyon-roelof-159-pos-7x5-pack50                 SKU:GLOBAL-POST-MOH-7X5-BLA-50   PHOTO_404 — HEAD 404
✗ photo-halcyon-roelof-159-pos-7x5-pack100                SKU:GLOBAL-POST-MOH-7X5-BLA-100  PHOTO_404 — HEAD 404
✗ photo-halcyon-roelof-182-can-16x12                      SKU:CAN-38MM-SC-16x12            PHOTO_404 — HEAD 404
✗ photo-halcyon-roelof-182-can-20x16                      SKU:CAN-38MM-SC-20x16            PHOTO_404 — HEAD 404
✗ photo-halcyon-roelof-182-can-40x30                      SKU:CAN-19MM-SC-40x30            PHOTO_404 — HEAD 404
✗ photo-halcyon-roelof-182-clp-16x20                      SKU:ART-PAP-LPP-16X20            PHOTO_404 — HEAD 404
✗ photo-halcyon-roelof-182-clp-24x36                      SKU:ART-PAP-LPP-24X36            PHOTO_404 — HEAD 404
✗ photo-halcyon-roelof-182-ema-16x20                      SKU:GLOBAL-FAP-16X20             PHOTO_404 — HEAD 404
✗ photo-halcyon-roelof-182-ema-a5                         SKU:GLOBAL-FAP-A5                PHOTO_404 — HEAD 404
✗ photo-halcyon-roelof-182-ema-24x36                      SKU:GLOBAL-FAP-24X36             PHOTO_404 — HEAD 404
✗ photo-halcyon-roelof-182-ema-a4                         SKU:GLOBAL-FAP-A4                PHOTO_404 — HEAD 404
✗ photo-halcyon-roelof-182-ema-a3                         SKU:GLOBAL-FAP-A3                PHOTO_404 — HEAD 404
✗ photo-halcyon-roelof-182-fap-a4-black                   SKU:FRA-CLA-HPR-NM-GLA-A4        PHOTO_404 — HEAD 404
✗ photo-halcyon-roelof-182-fap-a4-natural-oak             SKU:FRA-CLA-HPR-NM-GLA-A4        PHOTO_404 — HEAD 404
✗ photo-halcyon-roelof-182-fap-a4-white                   SKU:FRA-CLA-HPR-NM-GLA-A4        PHOTO_404 — HEAD 404
✗ photo-halcyon-roelof-182-fap-a3-black                   SKU:FRA-CLA-HPR-NM-GLA-A3        PHOTO_404 — HEAD 404
✗ photo-halcyon-roelof-182-fap-a3-natural-oak             SKU:FRA-CLA-HPR-NM-GLA-A3        PHOTO_404 — HEAD 404
✗ photo-halcyon-roelof-182-fap-a3-white                   SKU:FRA-CLA-HPR-NM-GLA-A3        PHOTO_404 — HEAD 404
✗ photo-halcyon-roelof-182-gre-6x4-pack10                 SKU:GLOBAL-GRE-MOH-6X4-BLA-10    PHOTO_404 — HEAD 404
✗ photo-halcyon-roelof-182-gre-6x4-pack20                 SKU:GLOBAL-GRE-MOH-6X4-BLA-20    PHOTO_404 — HEAD 404
✗ photo-halcyon-roelof-182-gre-6x4-pack50                 SKU:GLOBAL-GRE-MOH-6X4-BLA-50    PHOTO_404 — HEAD 404
✗ photo-halcyon-roelof-182-gre-6x4-pack100                SKU:GLOBAL-GRE-MOH-6X4-BLA-100   PHOTO_404 — HEAD 404
✗ photo-halcyon-roelof-182-gre-7x5-pack10                 SKU:GLOBAL-GRE-MOH-7X5-BLA-10    PHOTO_404 — HEAD 404
✗ photo-halcyon-roelof-182-gre-7x5-pack20                 SKU:GLOBAL-GRE-MOH-7X5-BLA-20    PHOTO_404 — HEAD 404
✗ photo-halcyon-roelof-182-gre-7x5-pack50                 SKU:GLOBAL-GRE-MOH-7X5-BLA-50    PHOTO_404 — HEAD 404
✗ photo-halcyon-roelof-182-gre-7x5-pack100                SKU:GLOBAL-GRE-MOH-7X5-BLA-100   PHOTO_404 — HEAD 404
✗ photo-halcyon-roelof-182-hge-16x20                      SKU:GLOBAL-HGE-16X20             PHOTO_404 — HEAD 404
✗ photo-halcyon-roelof-182-hge-a5                         SKU:GLOBAL-HGE-A5                PHOTO_404 — HEAD 404
✗ photo-halcyon-roelof-182-hge-24x36                      SKU:GLOBAL-HGE-24X36             PHOTO_404 — HEAD 404
✗ photo-halcyon-roelof-182-hge-a4                         SKU:GLOBAL-HGE-A4                PHOTO_404 — HEAD 404
✗ photo-halcyon-roelof-182-hge-a3                         SKU:GLOBAL-HGE-A3                PHOTO_404 — HEAD 404
✗ photo-halcyon-roelof-182-hpr-16x20                      SKU:GLOBAL-HPR-16X20             PHOTO_404 — HEAD 404
✗ photo-halcyon-roelof-182-hpr-a5                         SKU:GLOBAL-HPR-A5                PHOTO_404 — HEAD 404
✗ photo-halcyon-roelof-182-hpr-24x36                      SKU:GLOBAL-HPR-24X36             PHOTO_404 — HEAD 404
✗ photo-halcyon-roelof-182-hpr-a4                         SKU:GLOBAL-HPR-A4                PHOTO_404 — HEAD 404
✗ photo-halcyon-roelof-182-hpr-a3                         SKU:GLOBAL-HPR-A3                PHOTO_404 — HEAD 404
✗ photo-mono-asp-240-can-16x12                            SKU:CAN-38MM-SC-16x12            PHOTO_404 — HEAD 404
✗ photo-mono-asp-240-can-20x16                            SKU:CAN-38MM-SC-20x16            PHOTO_404 — HEAD 404
✗ photo-mono-asp-240-can-40x30                            SKU:CAN-19MM-SC-40x30            PHOTO_404 — HEAD 404
✗ photo-mono-asp-240-ema-a5                               SKU:GLOBAL-FAP-A5                PHOTO_404 — HEAD 404
✗ photo-mono-asp-240-ema-a4                               SKU:GLOBAL-FAP-A4                PHOTO_404 — HEAD 404
✗ photo-mono-asp-240-ema-a3                               SKU:GLOBAL-FAP-A3                PHOTO_404 — HEAD 404
✗ photo-mono-asp-240-fap-a4-black                         SKU:FRA-CLA-HPR-NM-GLA-A4        PHOTO_404 — HEAD 404
✗ photo-mono-asp-240-fap-a4-natural-oak                   SKU:FRA-CLA-HPR-NM-GLA-A4        PHOTO_404 — HEAD 404
✗ photo-mono-asp-240-fap-a4-white                         SKU:FRA-CLA-HPR-NM-GLA-A4        PHOTO_404 — HEAD 404
✗ photo-mono-asp-240-fap-a3-black                         SKU:FRA-CLA-HPR-NM-GLA-A3        PHOTO_404 — HEAD 404
✗ photo-mono-asp-240-fap-a3-natural-oak                   SKU:FRA-CLA-HPR-NM-GLA-A3        PHOTO_404 — HEAD 404
✗ photo-mono-asp-240-fap-a3-white                         SKU:FRA-CLA-HPR-NM-GLA-A3        PHOTO_404 — HEAD 404
✗ photo-mono-asp-240-hge-a5                               SKU:GLOBAL-HGE-A5                PHOTO_404 — HEAD 404
✗ photo-mono-asp-240-hge-a4                               SKU:GLOBAL-HGE-A4                PHOTO_404 — HEAD 404
✗ photo-mono-asp-240-hge-a3                               SKU:GLOBAL-HGE-A3                PHOTO_404 — HEAD 404
✗ photo-mono-asp-240-hpr-a5                               SKU:GLOBAL-HPR-A5                PHOTO_404 — HEAD 404
✗ photo-mono-asp-240-hpr-a4                               SKU:GLOBAL-HPR-A4                PHOTO_404 — HEAD 404
✗ photo-mono-asp-240-hpr-a3                               SKU:GLOBAL-HPR-A3                PHOTO_404 — HEAD 404
✗ photo-mono-asp-240-pos-6x4-pack10                       SKU:GLOBAL-POST-MOH-6X4-BLA-10   PHOTO_404 — HEAD 404
✗ photo-mono-asp-240-pos-6x4-pack20                       SKU:GLOBAL-POST-MOH-6X4-BLA-20   PHOTO_404 — HEAD 404
✗ photo-mono-asp-240-pos-6x4-pack50                       SKU:GLOBAL-POST-MOH-6X4-BLA-50   PHOTO_404 — HEAD 404
✗ photo-mono-asp-240-pos-6x4-pack100                      SKU:GLOBAL-POST-MOH-6X4-BLA-100  PHOTO_404 — HEAD 404
✗ photo-mono-asp-240-pos-7x5-pack10                       SKU:GLOBAL-POST-MOH-7X5-BLA-10   PHOTO_404 — HEAD 404
✗ photo-mono-asp-240-pos-7x5-pack20                       SKU:GLOBAL-POST-MOH-7X5-BLA-20   PHOTO_404 — HEAD 404
✗ photo-mono-asp-240-pos-7x5-pack50                       SKU:GLOBAL-POST-MOH-7X5-BLA-50   PHOTO_404 — HEAD 404
✗ photo-mono-asp-240-pos-7x5-pack100                      SKU:GLOBAL-POST-MOH-7X5-BLA-100  PHOTO_404 — HEAD 404
✗ photo-mono-asp-272-can-16x12                            SKU:CAN-38MM-SC-16x12            PHOTO_404 — HEAD 404
✗ photo-mono-asp-272-can-20x16                            SKU:CAN-38MM-SC-20x16            PHOTO_404 — HEAD 404
✗ photo-mono-asp-272-can-40x30                            SKU:CAN-19MM-SC-40x30            PHOTO_404 — HEAD 404
✗ photo-mono-asp-272-ema-a5                               SKU:GLOBAL-FAP-A5                PHOTO_404 — HEAD 404
✗ photo-mono-asp-272-ema-a4                               SKU:GLOBAL-FAP-A4                PHOTO_404 — HEAD 404
✗ photo-mono-asp-272-ema-a3                               SKU:GLOBAL-FAP-A3                PHOTO_404 — HEAD 404
✗ photo-mono-asp-272-fap-a4-black                         SKU:FRA-CLA-HPR-NM-GLA-A4        PHOTO_404 — HEAD 404
✗ photo-mono-asp-272-fap-a4-natural-oak                   SKU:FRA-CLA-HPR-NM-GLA-A4        PHOTO_404 — HEAD 404
✗ photo-mono-asp-272-fap-a4-white                         SKU:FRA-CLA-HPR-NM-GLA-A4        PHOTO_404 — HEAD 404
✗ photo-mono-asp-272-fap-a3-black                         SKU:FRA-CLA-HPR-NM-GLA-A3        PHOTO_404 — HEAD 404
✗ photo-mono-asp-272-fap-a3-natural-oak                   SKU:FRA-CLA-HPR-NM-GLA-A3        PHOTO_404 — HEAD 404
✗ photo-mono-asp-272-fap-a3-white                         SKU:FRA-CLA-HPR-NM-GLA-A3        PHOTO_404 — HEAD 404
✗ photo-mono-asp-272-hge-a5                               SKU:GLOBAL-HGE-A5                PHOTO_404 — HEAD 404
✗ photo-mono-asp-272-hge-a4                               SKU:GLOBAL-HGE-A4                PHOTO_404 — HEAD 404
✗ photo-mono-asp-272-hge-a3                               SKU:GLOBAL-HGE-A3                PHOTO_404 — HEAD 404
✗ photo-mono-asp-272-hpr-a5                               SKU:GLOBAL-HPR-A5                PHOTO_404 — HEAD 404
✗ photo-mono-asp-272-hpr-a4                               SKU:GLOBAL-HPR-A4                PHOTO_404 — HEAD 404
✗ photo-mono-asp-272-hpr-a3                               SKU:GLOBAL-HPR-A3                PHOTO_404 — HEAD 404
✗ photo-mono-asp-272-pos-6x4-pack10                       SKU:GLOBAL-POST-MOH-6X4-BLA-10   PHOTO_404 — HEAD 404
✗ photo-mono-asp-272-pos-6x4-pack20                       SKU:GLOBAL-POST-MOH-6X4-BLA-20   PHOTO_404 — HEAD 404
✗ photo-mono-asp-272-pos-6x4-pack50                       SKU:GLOBAL-POST-MOH-6X4-BLA-50   PHOTO_404 — HEAD 404
✗ photo-mono-asp-272-pos-6x4-pack100                      SKU:GLOBAL-POST-MOH-6X4-BLA-100  PHOTO_404 — HEAD 404
✗ photo-mono-asp-272-pos-7x5-pack10                       SKU:GLOBAL-POST-MOH-7X5-BLA-10   PHOTO_404 — HEAD 404
✗ photo-mono-asp-272-pos-7x5-pack20                       SKU:GLOBAL-POST-MOH-7X5-BLA-20   PHOTO_404 — HEAD 404
✗ photo-mono-asp-272-pos-7x5-pack50                       SKU:GLOBAL-POST-MOH-7X5-BLA-50   PHOTO_404 — HEAD 404
✗ photo-mono-asp-272-pos-7x5-pack100                      SKU:GLOBAL-POST-MOH-7X5-BLA-100  PHOTO_404 — HEAD 404
✗ photo-mono-asp-273-can-16x12                            SKU:CAN-38MM-SC-16x12            PHOTO_404 — HEAD 404
✗ photo-mono-asp-273-can-20x16                            SKU:CAN-38MM-SC-20x16            PHOTO_404 — HEAD 404
✗ photo-mono-asp-273-can-40x30                            SKU:CAN-19MM-SC-40x30            PHOTO_404 — HEAD 404
✗ photo-mono-asp-273-clp-16x20                            SKU:ART-PAP-LPP-16X20            PHOTO_404 — HEAD 404
✗ photo-mono-asp-273-clp-24x36                            SKU:ART-PAP-LPP-24X36            PHOTO_404 — HEAD 404
✗ photo-mono-asp-273-ema-16x20                            SKU:GLOBAL-FAP-16X20             PHOTO_404 — HEAD 404
✗ photo-mono-asp-273-ema-a5                               SKU:GLOBAL-FAP-A5                PHOTO_404 — HEAD 404
✗ photo-mono-asp-273-ema-24x36                            SKU:GLOBAL-FAP-24X36             PHOTO_404 — HEAD 404
✗ photo-mono-asp-273-ema-a4                               SKU:GLOBAL-FAP-A4                PHOTO_404 — HEAD 404
✗ photo-mono-asp-273-ema-a3                               SKU:GLOBAL-FAP-A3                PHOTO_404 — HEAD 404
✗ photo-mono-asp-273-fap-a4-black                         SKU:FRA-CLA-HPR-NM-GLA-A4        PHOTO_404 — HEAD 404
✗ photo-mono-asp-273-fap-a4-natural-oak                   SKU:FRA-CLA-HPR-NM-GLA-A4        PHOTO_404 — HEAD 404
✗ photo-mono-asp-273-fap-a4-white                         SKU:FRA-CLA-HPR-NM-GLA-A4        PHOTO_404 — HEAD 404
✗ photo-mono-asp-273-fap-a3-black                         SKU:FRA-CLA-HPR-NM-GLA-A3        PHOTO_404 — HEAD 404
✗ photo-mono-asp-273-fap-a3-natural-oak                   SKU:FRA-CLA-HPR-NM-GLA-A3        PHOTO_404 — HEAD 404
✗ photo-mono-asp-273-fap-a3-white                         SKU:FRA-CLA-HPR-NM-GLA-A3        PHOTO_404 — HEAD 404
✗ photo-mono-asp-273-gre-6x4-pack10                       SKU:GLOBAL-GRE-MOH-6X4-BLA-10    PHOTO_404 — HEAD 404
✗ photo-mono-asp-273-gre-6x4-pack20                       SKU:GLOBAL-GRE-MOH-6X4-BLA-20    PHOTO_404 — HEAD 404
✗ photo-mono-asp-273-gre-6x4-pack50                       SKU:GLOBAL-GRE-MOH-6X4-BLA-50    PHOTO_404 — HEAD 404
✗ photo-mono-asp-273-gre-6x4-pack100                      SKU:GLOBAL-GRE-MOH-6X4-BLA-100   PHOTO_404 — HEAD 404
✗ photo-mono-asp-273-gre-7x5-pack10                       SKU:GLOBAL-GRE-MOH-7X5-BLA-10    PHOTO_404 — HEAD 404
✗ photo-mono-asp-273-gre-7x5-pack20                       SKU:GLOBAL-GRE-MOH-7X5-BLA-20    PHOTO_404 — HEAD 404
✗ photo-mono-asp-273-gre-7x5-pack50                       SKU:GLOBAL-GRE-MOH-7X5-BLA-50    PHOTO_404 — HEAD 404
✗ photo-mono-asp-273-gre-7x5-pack100                      SKU:GLOBAL-GRE-MOH-7X5-BLA-100   PHOTO_404 — HEAD 404
✗ photo-mono-asp-273-hge-16x20                            SKU:GLOBAL-HGE-16X20             PHOTO_404 — HEAD 404
✗ photo-mono-asp-273-hge-a5                               SKU:GLOBAL-HGE-A5                PHOTO_404 — HEAD 404
✗ photo-mono-asp-273-hge-24x36                            SKU:GLOBAL-HGE-24X36             PHOTO_404 — HEAD 404
✗ photo-mono-asp-273-hge-a4                               SKU:GLOBAL-HGE-A4                PHOTO_404 — HEAD 404
✗ photo-mono-asp-273-hge-a3                               SKU:GLOBAL-HGE-A3                PHOTO_404 — HEAD 404
✗ photo-mono-asp-273-hpr-16x20                            SKU:GLOBAL-HPR-16X20             PHOTO_404 — HEAD 404
✗ photo-mono-asp-273-hpr-a5                               SKU:GLOBAL-HPR-A5                PHOTO_404 — HEAD 404
✗ photo-mono-asp-273-hpr-24x36                            SKU:GLOBAL-HPR-24X36             PHOTO_404 — HEAD 404
✗ photo-mono-asp-273-hpr-a4                               SKU:GLOBAL-HPR-A4                PHOTO_404 — HEAD 404
✗ photo-mono-asp-273-hpr-a3                               SKU:GLOBAL-HPR-A3                PHOTO_404 — HEAD 404
✗ photo-mono-asp-312-can-16x12                            SKU:CAN-38MM-SC-16x12            PHOTO_404 — HEAD 404
✗ photo-mono-asp-312-can-20x16                            SKU:CAN-38MM-SC-20x16            PHOTO_404 — HEAD 404
✗ photo-mono-asp-312-can-40x30                            SKU:CAN-19MM-SC-40x30            PHOTO_404 — HEAD 404
✗ photo-mono-asp-312-ema-a5                               SKU:GLOBAL-FAP-A5                PHOTO_404 — HEAD 404
✗ photo-mono-asp-312-ema-a4                               SKU:GLOBAL-FAP-A4                PHOTO_404 — HEAD 404
✗ photo-mono-asp-312-ema-a3                               SKU:GLOBAL-FAP-A3                PHOTO_404 — HEAD 404
✗ photo-mono-asp-312-fap-a4-black                         SKU:FRA-CLA-HPR-NM-GLA-A4        PHOTO_404 — HEAD 404
✗ photo-mono-asp-312-fap-a4-natural-oak                   SKU:FRA-CLA-HPR-NM-GLA-A4        PHOTO_404 — HEAD 404
✗ photo-mono-asp-312-fap-a4-white                         SKU:FRA-CLA-HPR-NM-GLA-A4        PHOTO_404 — HEAD 404
✗ photo-mono-asp-312-fap-a3-black                         SKU:FRA-CLA-HPR-NM-GLA-A3        PHOTO_404 — HEAD 404
✗ photo-mono-asp-312-fap-a3-natural-oak                   SKU:FRA-CLA-HPR-NM-GLA-A3        PHOTO_404 — HEAD 404
✗ photo-mono-asp-312-fap-a3-white                         SKU:FRA-CLA-HPR-NM-GLA-A3        PHOTO_404 — HEAD 404
✗ photo-mono-asp-312-hge-a5                               SKU:GLOBAL-HGE-A5                PHOTO_404 — HEAD 404
✗ photo-mono-asp-312-hge-a4                               SKU:GLOBAL-HGE-A4                PHOTO_404 — HEAD 404
✗ photo-mono-asp-312-hge-a3                               SKU:GLOBAL-HGE-A3                PHOTO_404 — HEAD 404
✗ photo-mono-asp-312-hpr-a5                               SKU:GLOBAL-HPR-A5                PHOTO_404 — HEAD 404
✗ photo-mono-asp-312-hpr-a4                               SKU:GLOBAL-HPR-A4                PHOTO_404 — HEAD 404
✗ photo-mono-asp-312-hpr-a3                               SKU:GLOBAL-HPR-A3                PHOTO_404 — HEAD 404
✗ photo-mono-asp-312-pos-6x4-pack10                       SKU:GLOBAL-POST-MOH-6X4-BLA-10   PHOTO_404 — HEAD 404
✗ photo-mono-asp-312-pos-6x4-pack20                       SKU:GLOBAL-POST-MOH-6X4-BLA-20   PHOTO_404 — HEAD 404
✗ photo-mono-asp-312-pos-6x4-pack50                       SKU:GLOBAL-POST-MOH-6X4-BLA-50   PHOTO_404 — HEAD 404
✗ photo-mono-asp-312-pos-6x4-pack100                      SKU:GLOBAL-POST-MOH-6X4-BLA-100  PHOTO_404 — HEAD 404
✗ photo-mono-asp-312-pos-7x5-pack10                       SKU:GLOBAL-POST-MOH-7X5-BLA-10   PHOTO_404 — HEAD 404
✗ photo-mono-asp-312-pos-7x5-pack20                       SKU:GLOBAL-POST-MOH-7X5-BLA-20   PHOTO_404 — HEAD 404
✗ photo-mono-asp-312-pos-7x5-pack50                       SKU:GLOBAL-POST-MOH-7X5-BLA-50   PHOTO_404 — HEAD 404
✗ photo-mono-asp-312-pos-7x5-pack100                      SKU:GLOBAL-POST-MOH-7X5-BLA-100  PHOTO_404 — HEAD 404
✗ photo-signature-thehague-148-can-16x12                  SKU:CAN-38MM-SC-16x12            PHOTO_404 — HEAD 404
✗ photo-signature-thehague-148-can-20x16                  SKU:CAN-38MM-SC-20x16            PHOTO_404 — HEAD 404
✗ photo-signature-thehague-148-can-40x30                  SKU:CAN-19MM-SC-40x30            PHOTO_404 — HEAD 404
✗ photo-signature-thehague-148-clp-16x20                  SKU:ART-PAP-LPP-16X20            PHOTO_404 — HEAD 404
✗ photo-signature-thehague-148-clp-24x36                  SKU:ART-PAP-LPP-24X36            PHOTO_404 — HEAD 404
✗ photo-signature-thehague-148-ema-16x20                  SKU:GLOBAL-FAP-16X20             PHOTO_404 — HEAD 404
✗ photo-signature-thehague-148-ema-a5                     SKU:GLOBAL-FAP-A5                PHOTO_404 — HEAD 404
✗ photo-signature-thehague-148-ema-24x36                  SKU:GLOBAL-FAP-24X36             PHOTO_404 — HEAD 404
✗ photo-signature-thehague-148-ema-a4                     SKU:GLOBAL-FAP-A4                PHOTO_404 — HEAD 404
✗ photo-signature-thehague-148-ema-a3                     SKU:GLOBAL-FAP-A3                PHOTO_404 — HEAD 404
✗ photo-signature-thehague-148-fap-a4-black               SKU:FRA-CLA-HPR-NM-GLA-A4        PHOTO_404 — HEAD 404
✗ photo-signature-thehague-148-fap-a4-natural-oak         SKU:FRA-CLA-HPR-NM-GLA-A4        PHOTO_404 — HEAD 404
✗ photo-signature-thehague-148-fap-a4-white               SKU:FRA-CLA-HPR-NM-GLA-A4        PHOTO_404 — HEAD 404
✗ photo-signature-thehague-148-fap-a3-black               SKU:FRA-CLA-HPR-NM-GLA-A3        PHOTO_404 — HEAD 404
✗ photo-signature-thehague-148-fap-a3-natural-oak         SKU:FRA-CLA-HPR-NM-GLA-A3        PHOTO_404 — HEAD 404
✗ photo-signature-thehague-148-fap-a3-white               SKU:FRA-CLA-HPR-NM-GLA-A3        PHOTO_404 — HEAD 404
✗ photo-signature-thehague-148-gre-6x4-pack10             SKU:GLOBAL-GRE-MOH-6X4-BLA-10    PHOTO_404 — HEAD 404
✗ photo-signature-thehague-148-gre-6x4-pack20             SKU:GLOBAL-GRE-MOH-6X4-BLA-20    PHOTO_404 — HEAD 404
✗ photo-signature-thehague-148-gre-6x4-pack50             SKU:GLOBAL-GRE-MOH-6X4-BLA-50    PHOTO_404 — HEAD 404
✗ photo-signature-thehague-148-gre-6x4-pack100            SKU:GLOBAL-GRE-MOH-6X4-BLA-100   PHOTO_404 — HEAD 404
✗ photo-signature-thehague-148-gre-7x5-pack10             SKU:GLOBAL-GRE-MOH-7X5-BLA-10    PHOTO_404 — HEAD 404
✗ photo-signature-thehague-148-gre-7x5-pack20             SKU:GLOBAL-GRE-MOH-7X5-BLA-20    PHOTO_404 — HEAD 404
✗ photo-signature-thehague-148-gre-7x5-pack50             SKU:GLOBAL-GRE-MOH-7X5-BLA-50    PHOTO_404 — HEAD 404
✗ photo-signature-thehague-148-gre-7x5-pack100            SKU:GLOBAL-GRE-MOH-7X5-BLA-100   PHOTO_404 — HEAD 404
✗ photo-signature-thehague-148-hge-16x20                  SKU:GLOBAL-HGE-16X20             PHOTO_404 — HEAD 404
✗ photo-signature-thehague-148-hge-a5                     SKU:GLOBAL-HGE-A5                PHOTO_404 — HEAD 404
✗ photo-signature-thehague-148-hge-24x36                  SKU:GLOBAL-HGE-24X36             PHOTO_404 — HEAD 404
✗ photo-signature-thehague-148-hge-a4                     SKU:GLOBAL-HGE-A4                PHOTO_404 — HEAD 404
✗ photo-signature-thehague-148-hge-a3                     SKU:GLOBAL-HGE-A3                PHOTO_404 — HEAD 404
✗ photo-signature-thehague-148-hpr-16x20                  SKU:GLOBAL-HPR-16X20             PHOTO_404 — HEAD 404
✗ photo-signature-thehague-148-hpr-a5                     SKU:GLOBAL-HPR-A5                PHOTO_404 — HEAD 404
✗ photo-signature-thehague-148-hpr-24x36                  SKU:GLOBAL-HPR-24X36             PHOTO_404 — HEAD 404
✗ photo-signature-thehague-148-hpr-a4                     SKU:GLOBAL-HPR-A4                PHOTO_404 — HEAD 404
✗ photo-signature-thehague-148-hpr-a3                     SKU:GLOBAL-HPR-A3                PHOTO_404 — HEAD 404
✗ photo-signature-thehague-153-can-16x12                  SKU:CAN-38MM-SC-16x12            PHOTO_404 — HEAD 404
✗ photo-signature-thehague-153-can-20x16                  SKU:CAN-38MM-SC-20x16            PHOTO_404 — HEAD 404
✗ photo-signature-thehague-153-can-40x30                  SKU:CAN-19MM-SC-40x30            PHOTO_404 — HEAD 404
✗ photo-signature-thehague-153-clp-16x20                  SKU:ART-PAP-LPP-16X20            PHOTO_404 — HEAD 404
✗ photo-signature-thehague-153-clp-24x36                  SKU:ART-PAP-LPP-24X36            PHOTO_404 — HEAD 404
✗ photo-signature-thehague-153-ema-16x20                  SKU:GLOBAL-FAP-16X20             PHOTO_404 — HEAD 404
✗ photo-signature-thehague-153-ema-a5                     SKU:GLOBAL-FAP-A5                PHOTO_404 — HEAD 404
✗ photo-signature-thehague-153-ema-24x36                  SKU:GLOBAL-FAP-24X36             PHOTO_404 — HEAD 404
✗ photo-signature-thehague-153-ema-a4                     SKU:GLOBAL-FAP-A4                PHOTO_404 — HEAD 404
✗ photo-signature-thehague-153-ema-a3                     SKU:GLOBAL-FAP-A3                PHOTO_404 — HEAD 404
✗ photo-signature-thehague-153-fap-a4-black               SKU:FRA-CLA-HPR-NM-GLA-A4        PHOTO_404 — HEAD 404
✗ photo-signature-thehague-153-fap-a4-natural-oak         SKU:FRA-CLA-HPR-NM-GLA-A4        PHOTO_404 — HEAD 404
✗ photo-signature-thehague-153-fap-a4-white               SKU:FRA-CLA-HPR-NM-GLA-A4        PHOTO_404 — HEAD 404
✗ photo-signature-thehague-153-fap-a3-black               SKU:FRA-CLA-HPR-NM-GLA-A3        PHOTO_404 — HEAD 404
✗ photo-signature-thehague-153-fap-a3-natural-oak         SKU:FRA-CLA-HPR-NM-GLA-A3        PHOTO_404 — HEAD 404
✗ photo-signature-thehague-153-fap-a3-white               SKU:FRA-CLA-HPR-NM-GLA-A3        PHOTO_404 — HEAD 404
✗ photo-signature-thehague-153-gre-6x4-pack10             SKU:GLOBAL-GRE-MOH-6X4-BLA-10    PHOTO_404 — HEAD 404
✗ photo-signature-thehague-153-gre-6x4-pack20             SKU:GLOBAL-GRE-MOH-6X4-BLA-20    PHOTO_404 — HEAD 404
✗ photo-signature-thehague-153-gre-6x4-pack50             SKU:GLOBAL-GRE-MOH-6X4-BLA-50    PHOTO_404 — HEAD 404
✗ photo-signature-thehague-153-gre-6x4-pack100            SKU:GLOBAL-GRE-MOH-6X4-BLA-100   PHOTO_404 — HEAD 404
✗ photo-signature-thehague-153-gre-7x5-pack10             SKU:GLOBAL-GRE-MOH-7X5-BLA-10    PHOTO_404 — HEAD 404
✗ photo-signature-thehague-153-gre-7x5-pack20             SKU:GLOBAL-GRE-MOH-7X5-BLA-20    PHOTO_404 — HEAD 404
✗ photo-signature-thehague-153-gre-7x5-pack50             SKU:GLOBAL-GRE-MOH-7X5-BLA-50    PHOTO_404 — HEAD 404
✗ photo-signature-thehague-153-gre-7x5-pack100            SKU:GLOBAL-GRE-MOH-7X5-BLA-100   PHOTO_404 — HEAD 404
✗ photo-signature-thehague-153-hge-16x20                  SKU:GLOBAL-HGE-16X20             PHOTO_404 — HEAD 404
✗ photo-signature-thehague-153-hge-a5                     SKU:GLOBAL-HGE-A5                PHOTO_404 — HEAD 404
✗ photo-signature-thehague-153-hge-24x36                  SKU:GLOBAL-HGE-24X36             PHOTO_404 — HEAD 404
✗ photo-signature-thehague-153-hge-a4                     SKU:GLOBAL-HGE-A4                PHOTO_404 — HEAD 404
✗ photo-signature-thehague-153-hge-a3                     SKU:GLOBAL-HGE-A3                PHOTO_404 — HEAD 404
✗ photo-signature-thehague-153-hpr-16x20                  SKU:GLOBAL-HPR-16X20             PHOTO_404 — HEAD 404
✗ photo-signature-thehague-153-hpr-a5                     SKU:GLOBAL-HPR-A5                PHOTO_404 — HEAD 404
✗ photo-signature-thehague-153-hpr-24x36                  SKU:GLOBAL-HPR-24X36             PHOTO_404 — HEAD 404
✗ photo-signature-thehague-153-hpr-a4                     SKU:GLOBAL-HPR-A4                PHOTO_404 — HEAD 404
✗ photo-signature-thehague-153-hpr-a3                     SKU:GLOBAL-HPR-A3                PHOTO_404 — HEAD 404
✗ photo-signature-thehague-187-can-16x12                  SKU:CAN-38MM-SC-16x12            PHOTO_404 — HEAD 404
✗ photo-signature-thehague-187-can-20x16                  SKU:CAN-38MM-SC-20x16            PHOTO_404 — HEAD 404
✗ photo-signature-thehague-187-can-40x30                  SKU:CAN-19MM-SC-40x30            PHOTO_404 — HEAD 404
✗ photo-signature-thehague-187-clp-16x20                  SKU:ART-PAP-LPP-16X20            PHOTO_404 — HEAD 404
✗ photo-signature-thehague-187-clp-24x36                  SKU:ART-PAP-LPP-24X36            PHOTO_404 — HEAD 404
✗ photo-signature-thehague-187-ema-16x20                  SKU:GLOBAL-FAP-16X20             PHOTO_404 — HEAD 404
✗ photo-signature-thehague-187-ema-a5                     SKU:GLOBAL-FAP-A5                PHOTO_404 — HEAD 404
✗ photo-signature-thehague-187-ema-24x36                  SKU:GLOBAL-FAP-24X36             PHOTO_404 — HEAD 404
✗ photo-signature-thehague-187-ema-a4                     SKU:GLOBAL-FAP-A4                PHOTO_404 — HEAD 404
✗ photo-signature-thehague-187-ema-a3                     SKU:GLOBAL-FAP-A3                PHOTO_404 — HEAD 404
✗ photo-signature-thehague-187-fap-a4-black               SKU:FRA-CLA-HPR-NM-GLA-A4        PHOTO_404 — HEAD 404
✗ photo-signature-thehague-187-fap-a4-natural-oak         SKU:FRA-CLA-HPR-NM-GLA-A4        PHOTO_404 — HEAD 404
✗ photo-signature-thehague-187-fap-a4-white               SKU:FRA-CLA-HPR-NM-GLA-A4        PHOTO_404 — HEAD 404
✗ photo-signature-thehague-187-fap-a3-black               SKU:FRA-CLA-HPR-NM-GLA-A3        PHOTO_404 — HEAD 404
✗ photo-signature-thehague-187-fap-a3-natural-oak         SKU:FRA-CLA-HPR-NM-GLA-A3        PHOTO_404 — HEAD 404
✗ photo-signature-thehague-187-fap-a3-white               SKU:FRA-CLA-HPR-NM-GLA-A3        PHOTO_404 — HEAD 404
✗ photo-signature-thehague-187-hge-16x20                  SKU:GLOBAL-HGE-16X20             PHOTO_404 — HEAD 404
✗ photo-signature-thehague-187-hge-a5                     SKU:GLOBAL-HGE-A5                PHOTO_404 — HEAD 404
✗ photo-signature-thehague-187-hge-24x36                  SKU:GLOBAL-HGE-24X36             PHOTO_404 — HEAD 404
✗ photo-signature-thehague-187-hge-a4                     SKU:GLOBAL-HGE-A4                PHOTO_404 — HEAD 404
✗ photo-signature-thehague-187-hge-a3                     SKU:GLOBAL-HGE-A3                PHOTO_404 — HEAD 404
✗ photo-signature-thehague-187-hpr-16x20                  SKU:GLOBAL-HPR-16X20             PHOTO_404 — HEAD 404
✗ photo-signature-thehague-187-hpr-a5                     SKU:GLOBAL-HPR-A5                PHOTO_404 — HEAD 404
✗ photo-signature-thehague-187-hpr-24x36                  SKU:GLOBAL-HPR-24X36             PHOTO_404 — HEAD 404
✗ photo-signature-thehague-187-hpr-a4                     SKU:GLOBAL-HPR-A4                PHOTO_404 — HEAD 404
✗ photo-signature-thehague-187-hpr-a3                     SKU:GLOBAL-HPR-A3                PHOTO_404 — HEAD 404
✗ photo-signature-thehague-194-can-16x12                  SKU:CAN-38MM-SC-16x12            PHOTO_404 — HEAD 404
✗ photo-signature-thehague-194-can-20x16                  SKU:CAN-38MM-SC-20x16            PHOTO_404 — HEAD 404
✗ photo-signature-thehague-194-can-40x30                  SKU:CAN-19MM-SC-40x30            PHOTO_404 — HEAD 404
✗ photo-signature-thehague-194-clp-16x20                  SKU:ART-PAP-LPP-16X20            PHOTO_404 — HEAD 404
✗ photo-signature-thehague-194-clp-24x36                  SKU:ART-PAP-LPP-24X36            PHOTO_404 — HEAD 404
✗ photo-signature-thehague-194-ema-16x20                  SKU:GLOBAL-FAP-16X20             PHOTO_404 — HEAD 404
✗ photo-signature-thehague-194-ema-a5                     SKU:GLOBAL-FAP-A5                PHOTO_404 — HEAD 404
✗ photo-signature-thehague-194-ema-24x36                  SKU:GLOBAL-FAP-24X36             PHOTO_404 — HEAD 404
✗ photo-signature-thehague-194-ema-a4                     SKU:GLOBAL-FAP-A4                PHOTO_404 — HEAD 404
✗ photo-signature-thehague-194-ema-a3                     SKU:GLOBAL-FAP-A3                PHOTO_404 — HEAD 404
✗ photo-signature-thehague-194-fap-a4-black               SKU:FRA-CLA-HPR-NM-GLA-A4        PHOTO_404 — HEAD 404
✗ photo-signature-thehague-194-fap-a4-natural-oak         SKU:FRA-CLA-HPR-NM-GLA-A4        PHOTO_404 — HEAD 404
✗ photo-signature-thehague-194-fap-a4-white               SKU:FRA-CLA-HPR-NM-GLA-A4        PHOTO_404 — HEAD 404
✗ photo-signature-thehague-194-fap-a3-black               SKU:FRA-CLA-HPR-NM-GLA-A3        PHOTO_404 — HEAD 404
✗ photo-signature-thehague-194-fap-a3-natural-oak         SKU:FRA-CLA-HPR-NM-GLA-A3        PHOTO_404 — HEAD 404
✗ photo-signature-thehague-194-fap-a3-white               SKU:FRA-CLA-HPR-NM-GLA-A3        PHOTO_404 — HEAD 404
✗ photo-signature-thehague-194-hge-16x20                  SKU:GLOBAL-HGE-16X20             PHOTO_404 — HEAD 404
✗ photo-signature-thehague-194-hge-a5                     SKU:GLOBAL-HGE-A5                PHOTO_404 — HEAD 404
✗ photo-signature-thehague-194-hge-24x36                  SKU:GLOBAL-HGE-24X36             PHOTO_404 — HEAD 404
✗ photo-signature-thehague-194-hge-a4                     SKU:GLOBAL-HGE-A4                PHOTO_404 — HEAD 404
✗ photo-signature-thehague-194-hge-a3                     SKU:GLOBAL-HGE-A3                PHOTO_404 — HEAD 404
✗ photo-signature-thehague-194-hpr-16x20                  SKU:GLOBAL-HPR-16X20             PHOTO_404 — HEAD 404
✗ photo-signature-thehague-194-hpr-a5                     SKU:GLOBAL-HPR-A5                PHOTO_404 — HEAD 404
✗ photo-signature-thehague-194-hpr-24x36                  SKU:GLOBAL-HPR-24X36             PHOTO_404 — HEAD 404
✗ photo-signature-thehague-194-hpr-a4                     SKU:GLOBAL-HPR-A4                PHOTO_404 — HEAD 404
✗ photo-signature-thehague-194-hpr-a3                     SKU:GLOBAL-HPR-A3                PHOTO_404 — HEAD 404
✗ photo-signature-thehague-218-can-16x12                  SKU:CAN-38MM-SC-16x12            PHOTO_404 — HEAD 404
✗ photo-signature-thehague-218-can-20x16                  SKU:CAN-38MM-SC-20x16            PHOTO_404 — HEAD 404
✗ photo-signature-thehague-218-can-40x30                  SKU:CAN-19MM-SC-40x30            PHOTO_404 — HEAD 404
✗ photo-signature-thehague-218-clp-16x20                  SKU:ART-PAP-LPP-16X20            PHOTO_404 — HEAD 404
✗ photo-signature-thehague-218-clp-24x36                  SKU:ART-PAP-LPP-24X36            PHOTO_404 — HEAD 404
✗ photo-signature-thehague-218-ema-16x20                  SKU:GLOBAL-FAP-16X20             PHOTO_404 — HEAD 404
✗ photo-signature-thehague-218-ema-a5                     SKU:GLOBAL-FAP-A5                PHOTO_404 — HEAD 404
✗ photo-signature-thehague-218-ema-24x36                  SKU:GLOBAL-FAP-24X36             PHOTO_404 — HEAD 404
✗ photo-signature-thehague-218-ema-a4                     SKU:GLOBAL-FAP-A4                PHOTO_404 — HEAD 404
✗ photo-signature-thehague-218-ema-a3                     SKU:GLOBAL-FAP-A3                PHOTO_404 — HEAD 404
✗ photo-signature-thehague-218-fap-a4-black               SKU:FRA-CLA-HPR-NM-GLA-A4        PHOTO_404 — HEAD 404
✗ photo-signature-thehague-218-fap-a4-natural-oak         SKU:FRA-CLA-HPR-NM-GLA-A4        PHOTO_404 — HEAD 404
✗ photo-signature-thehague-218-fap-a4-white               SKU:FRA-CLA-HPR-NM-GLA-A4        PHOTO_404 — HEAD 404
✗ photo-signature-thehague-218-fap-a3-black               SKU:FRA-CLA-HPR-NM-GLA-A3        PHOTO_404 — HEAD 404
✗ photo-signature-thehague-218-fap-a3-natural-oak         SKU:FRA-CLA-HPR-NM-GLA-A3        PHOTO_404 — HEAD 404
✗ photo-signature-thehague-218-fap-a3-white               SKU:FRA-CLA-HPR-NM-GLA-A3        PHOTO_404 — HEAD 404
✗ photo-signature-thehague-218-hge-16x20                  SKU:GLOBAL-HGE-16X20             PHOTO_404 — HEAD 404
✗ photo-signature-thehague-218-hge-a5                     SKU:GLOBAL-HGE-A5                PHOTO_404 — HEAD 404
✗ photo-signature-thehague-218-hge-24x36                  SKU:GLOBAL-HGE-24X36             PHOTO_404 — HEAD 404
✗ photo-signature-thehague-218-hge-a4                     SKU:GLOBAL-HGE-A4                PHOTO_404 — HEAD 404
✗ photo-signature-thehague-218-hge-a3                     SKU:GLOBAL-HGE-A3                PHOTO_404 — HEAD 404
✗ photo-signature-thehague-218-hpr-16x20                  SKU:GLOBAL-HPR-16X20             PHOTO_404 — HEAD 404
✗ photo-signature-thehague-218-hpr-a5                     SKU:GLOBAL-HPR-A5                PHOTO_404 — HEAD 404
✗ photo-signature-thehague-218-hpr-24x36                  SKU:GLOBAL-HPR-24X36             PHOTO_404 — HEAD 404
✗ photo-signature-thehague-218-hpr-a4                     SKU:GLOBAL-HPR-A4                PHOTO_404 — HEAD 404
✗ photo-signature-thehague-218-hpr-a3                     SKU:GLOBAL-HPR-A3                PHOTO_404 — HEAD 404

─── Audit Summary ────────────────────────────────────────
Variants audited: 798
  PHOTO_404              798

CSV: C:\Users\tjvan\Documents\Projects\studiotj-website\_audit\prodigi-verification.csv
